17:35:10.616 ERROR base.CustomDriver -Cannot click on :: Popup Confirm Button
17:35:10.622 INFO  utilities.Util -Current Date and Time :: 06_05_2020 17_35_10
17:35:10.630 INFO  utilities.Util -Waiting 5.0 seconds :: Sleep for 5 seconds
17:35:15.646 ERROR base.CustomDriver -Element not found with: css=>tr[class='total'] td:nth-child(2)
17:35:15.658 INFO  base.TestListeners -onTestFailure -> Test Method Name: testAddLeave
17:35:15.658 INFO  base.WebDriverFactory -OS Name from system property :: mac
17:35:15.658 INFO  base.WebDriverFactory -Driver Binary :: /Users/anupamadhir/workspace/orangehrm//drivers//chromedriver
17:35:15.659 INFO  utilities.Util -Current Date and Time :: 06_05_2020 17_35_15
17:35:15.671 INFO  base.CheckPoint -Clearing Results Hash Map
17:35:15.678 ERROR base.CustomDriver -Element not found with: id=>menu_leave_viewLeaveModule
17:35:15.679 ERROR base.CustomDriver -Cannot click on :: Leave Link
17:35:15.680 INFO  utilities.Util -Current Date and Time :: 06_05_2020 17_35_15
17:35:15.695 ERROR base.CustomDriver -Element not found with: xpath=>//a[@id='menu_leave_Entitlements']
17:35:15.697 INFO  base.TestListeners -onTestFailure -> Test Method Name: testAddLeave
17:35:15.697 INFO  base.WebDriverFactory -OS Name from system property :: mac
17:35:15.697 INFO  base.WebDriverFactory -Driver Binary :: /Users/anupamadhir/workspace/orangehrm//drivers//chromedriver
17:35:15.698 INFO  utilities.Util -Current Date and Time :: 06_05_2020 17_35_15
17:35:15.716 ERROR base.CustomDriver -Element List not found with: id=>welcome
17:35:15.717 INFO  utilities.Util -Size of list :: 0
17:35:15.717 ERROR utilities.Util -List is empty
17:35:15.812 INFO  base.TestListeners -onFinish -> Test Tag Name: Application Test
17:39:01.916 INFO  utilities.Util -Current Date and Time :: 06_05_2020 17_39_01
17:39:01.923 INFO  utilities.ExtentManager -*********** Report Path ***********
17:39:01.923 INFO  utilities.ExtentManager -/Users/anupamadhir/workspace/orangehrm/reports/AutomationReport_06_05_2020 17_39_01.html
17:39:01.923 INFO  utilities.ExtentManager -*********** Report Path ***********
17:39:02.159 INFO  base.TestListeners -onStart -> Test Tag Name: Application Test
17:39:02.159 INFO  base.TestListeners -These methods will be executed in this <test> tag
17:39:02.159 INFO  base.TestListeners -testAddLeave
17:39:02.159 INFO  base.TestListeners -testLogin
17:39:02.186 INFO  base.WebDriverFactory -OS Name from system property :: mac
17:39:02.186 INFO  base.WebDriverFactory -Driver Binary :: /Users/anupamadhir/workspace/orangehrm//drivers//chromedriver
17:39:08.239 INFO  base.CustomDriver -Send Keys on element :: Email Field with data :: Admin
17:39:08.322 INFO  base.CustomDriver -Send Keys on element :: Password Field with data :: admin123
17:39:13.583 INFO  base.CustomDriver -Clicked On :: Login Button
17:39:13.954 INFO  base.CheckPoint -Clearing Results Hash Map
17:39:13.981 INFO  utilities.Util -Actual Text From Web Application UI   --> : Leave
17:39:13.981 INFO  utilities.Util -Expected Text From Web Application UI --> : Leave
17:39:13.981 INFO  utilities.Util -### Verification Contains !!!
17:39:13.981 INFO  base.CheckPoint -test-01.header verification :-> PASS
17:39:13.995 INFO  base.CustomDriver -Element List found with: id=>welcome
17:39:13.995 INFO  utilities.Util -Size of list :: 1
17:39:13.995 INFO  utilities.Util -List is not empty
17:39:13.995 INFO  base.CheckPoint -test-01.login verification :-> PASS
17:39:13.995 INFO  base.CheckPoint -Test Method Successful
17:39:13.997 INFO  base.CheckPoint -Test Method Successful
17:39:13.997 INFO  base.TestListeners -onTestSuccess -> Test Method Name: testLogin
17:39:14.020 INFO  base.CheckPoint -Clearing Results Hash Map
17:39:15.997 INFO  base.CustomDriver -Clicked On :: Leave Link
17:39:16.850 INFO  base.CustomDriver -Clicked On :: Add Entitlements Link
17:39:16.869 INFO  utilities.Util -Waiting 2.0 seconds :: Sleep for 2 seconds
17:39:18.964 INFO  base.CustomDriver -Send Keys on element :: Employee Field with data :: Russell
17:39:19.031 INFO  base.CustomDriver -Selected option : FMLA US
17:39:19.073 INFO  base.CustomDriver -Selected option : 2020-01-01 - 2020-12-31
17:39:19.148 INFO  base.CustomDriver -Send Keys on element :: Entitlement Field with data :: 20
17:39:19.222 INFO  base.CustomDriver -Clicked On :: Save Button
17:39:19.234 INFO  base.CustomDriver -Element List found with: id=>employeeEntitlement
17:39:19.234 INFO  base.CustomDriver -Element Add Entitlement Popup Present with locator id=>employeeEntitlement
17:39:19.234 INFO  utilities.Util -Waiting 5.0 seconds :: Sleep for 5 seconds
17:39:30.586 INFO  base.CustomDriver -Clicked On :: Popup Confirm Button
17:39:30.588 INFO  utilities.Util -Waiting 5.0 seconds :: Sleep for 5 seconds
17:39:35.615 ERROR base.CustomDriver -Element not found with: css=>tr[class='total'] td:nth-child(2)
17:39:35.624 INFO  base.TestListeners -onTestFailure -> Test Method Name: testAddLeave
17:39:35.625 INFO  base.WebDriverFactory -OS Name from system property :: mac
17:39:35.625 INFO  base.WebDriverFactory -Driver Binary :: /Users/anupamadhir/workspace/orangehrm//drivers//chromedriver
17:39:35.626 INFO  utilities.Util -Current Date and Time :: 06_05_2020 17_39_35
17:39:35.634 INFO  base.CheckPoint -Clearing Results Hash Map
17:39:35.638 ERROR base.CustomDriver -Element not found with: id=>menu_leave_viewLeaveModule
17:39:35.640 ERROR base.CustomDriver -Cannot click on :: Leave Link
17:39:35.640 INFO  utilities.Util -Current Date and Time :: 06_05_2020 17_39_35
17:39:35.646 ERROR base.CustomDriver -Element not found with: xpath=>//a[@id='menu_leave_Entitlements']
17:39:35.649 INFO  base.TestListeners -onTestFailure -> Test Method Name: testAddLeave
17:39:35.649 INFO  base.WebDriverFactory -OS Name from system property :: mac
17:39:35.649 INFO  base.WebDriverFactory -Driver Binary :: /Users/anupamadhir/workspace/orangehrm//drivers//chromedriver
17:39:35.650 INFO  utilities.Util -Current Date and Time :: 06_05_2020 17_39_35
17:39:35.658 ERROR base.CustomDriver -Element List not found with: id=>welcome
17:39:35.659 INFO  utilities.Util -Size of list :: 0
17:39:35.659 ERROR utilities.Util -List is empty
17:39:35.755 INFO  base.TestListeners -onFinish -> Test Tag Name: Application Test
17:42:17.313 INFO  utilities.Util -Current Date and Time :: 06_05_2020 17_42_17
17:42:17.321 INFO  utilities.ExtentManager -*********** Report Path ***********
17:42:17.321 INFO  utilities.ExtentManager -/Users/anupamadhir/workspace/orangehrm/reports/AutomationReport_06_05_2020 17_42_17.html
17:42:17.321 INFO  utilities.ExtentManager -*********** Report Path ***********
17:42:17.550 INFO  base.TestListeners -onStart -> Test Tag Name: Application Test
17:42:17.550 INFO  base.TestListeners -These methods will be executed in this <test> tag
17:42:17.550 INFO  base.TestListeners -testAddLeave
17:42:17.550 INFO  base.TestListeners -testLogin
17:42:17.587 INFO  base.WebDriverFactory -OS Name from system property :: mac
17:42:17.587 INFO  base.WebDriverFactory -Driver Binary :: /Users/anupamadhir/workspace/orangehrm//drivers//chromedriver
17:42:22.598 INFO  base.CustomDriver -Send Keys on element :: Email Field with data :: Admin
17:42:22.681 INFO  base.CustomDriver -Send Keys on element :: Password Field with data :: admin123
17:42:27.836 INFO  base.CustomDriver -Clicked On :: Login Button
17:42:28.197 INFO  base.CheckPoint -Clearing Results Hash Map
17:42:28.223 INFO  utilities.Util -Actual Text From Web Application UI   --> : Leave
17:42:28.223 INFO  utilities.Util -Expected Text From Web Application UI --> : Leave
17:42:28.223 INFO  utilities.Util -### Verification Contains !!!
17:42:28.223 INFO  base.CheckPoint -test-01.header verification :-> PASS
17:42:28.238 INFO  base.CustomDriver -Element List found with: id=>welcome
17:42:28.238 INFO  utilities.Util -Size of list :: 1
17:42:28.238 INFO  utilities.Util -List is not empty
17:42:28.238 INFO  base.CheckPoint -test-01.login verification :-> PASS
17:42:28.238 INFO  base.CheckPoint -Test Method Successful
17:42:28.239 INFO  base.CheckPoint -Test Method Successful
17:42:28.240 INFO  base.TestListeners -onTestSuccess -> Test Method Name: testLogin
17:42:28.260 INFO  base.CheckPoint -Clearing Results Hash Map
17:42:30.056 INFO  base.CustomDriver -Clicked On :: Leave Link
17:42:31.010 INFO  base.CustomDriver -Clicked On :: Add Entitlements Link
17:42:31.023 INFO  utilities.Util -Waiting 2.0 seconds :: Sleep for 2 seconds
17:42:33.116 INFO  base.CustomDriver -Send Keys on element :: Employee Field with data :: Russell
17:42:33.165 INFO  base.CustomDriver -Selected option : FMLA US
17:42:33.206 INFO  base.CustomDriver -Selected option : 2020-01-01 - 2020-12-31
17:42:33.281 INFO  base.CustomDriver -Send Keys on element :: Entitlement Field with data :: 20
17:42:33.353 INFO  base.CustomDriver -Clicked On :: Save Button
17:42:33.364 INFO  base.CustomDriver -Element List found with: id=>employeeEntitlement
17:42:33.365 INFO  base.CustomDriver -Element Add Entitlement Popup Present with locator id=>employeeEntitlement
17:42:33.365 INFO  utilities.Util -Waiting 5.0 seconds :: Sleep for 5 seconds
17:42:39.906 INFO  base.CustomDriver -Clicked On :: Popup Confirm Button
17:42:39.907 INFO  utilities.Util -Waiting 5.0 seconds :: Sleep for 5 seconds
17:42:44.931 ERROR base.CustomDriver -Element not found with: css=>tr[class='total'] td:nth-child(2)
17:42:44.941 INFO  base.TestListeners -onTestFailure -> Test Method Name: testAddLeave
17:42:44.942 INFO  base.WebDriverFactory -OS Name from system property :: mac
17:42:44.942 INFO  base.WebDriverFactory -Driver Binary :: /Users/anupamadhir/workspace/orangehrm//drivers//chromedriver
17:42:44.943 INFO  utilities.Util -Current Date and Time :: 06_05_2020 17_42_44
17:42:44.952 INFO  base.CheckPoint -Clearing Results Hash Map
17:42:44.958 ERROR base.CustomDriver -Element not found with: id=>menu_leave_viewLeaveModule
17:42:44.960 ERROR base.CustomDriver -Cannot click on :: Leave Link
17:42:44.961 INFO  utilities.Util -Current Date and Time :: 06_05_2020 17_42_44
17:42:44.970 ERROR base.CustomDriver -Element not found with: xpath=>//a[@id='menu_leave_Entitlements']
17:42:44.972 INFO  base.TestListeners -onTestFailure -> Test Method Name: testAddLeave
17:42:44.974 INFO  base.WebDriverFactory -OS Name from system property :: mac
17:42:44.974 INFO  base.WebDriverFactory -Driver Binary :: /Users/anupamadhir/workspace/orangehrm//drivers//chromedriver
17:42:44.974 INFO  utilities.Util -Current Date and Time :: 06_05_2020 17_42_44
17:42:44.985 ERROR base.CustomDriver -Element List not found with: id=>welcome
17:42:44.986 INFO  utilities.Util -Size of list :: 0
17:42:44.986 ERROR utilities.Util -List is empty
17:42:45.028 INFO  base.TestListeners -onFinish -> Test Tag Name: Application Test
17:42:51.901 INFO  utilities.Util -Current Date and Time :: 06_05_2020 17_42_51
17:42:51.906 INFO  utilities.ExtentManager -*********** Report Path ***********
17:42:51.907 INFO  utilities.ExtentManager -/Users/anupamadhir/workspace/orangehrm/reports/AutomationReport_06_05_2020 17_42_51.html
17:42:51.907 INFO  utilities.ExtentManager -*********** Report Path ***********
17:42:52.157 INFO  base.TestListeners -onStart -> Test Tag Name: Application Test
17:42:52.157 INFO  base.TestListeners -These methods will be executed in this <test> tag
17:42:52.157 INFO  base.TestListeners -testAddLeave
17:42:52.157 INFO  base.TestListeners -testLogin
17:42:52.180 INFO  base.WebDriverFactory -OS Name from system property :: mac
17:42:52.180 INFO  base.WebDriverFactory -Driver Binary :: /Users/anupamadhir/workspace/orangehrm//drivers//chromedriver
17:42:57.008 INFO  base.CustomDriver -Send Keys on element :: Email Field with data :: Admin
17:42:57.090 INFO  base.CustomDriver -Send Keys on element :: Password Field with data :: admin123
17:43:02.851 INFO  base.CustomDriver -Clicked On :: Login Button
17:43:03.224 INFO  base.CheckPoint -Clearing Results Hash Map
17:43:03.250 INFO  utilities.Util -Actual Text From Web Application UI   --> : Leave
17:43:03.250 INFO  utilities.Util -Expected Text From Web Application UI --> : Leave
17:43:03.250 INFO  utilities.Util -### Verification Contains !!!
17:43:03.250 INFO  base.CheckPoint -test-01.header verification :-> PASS
17:43:03.263 INFO  base.CustomDriver -Element List found with: id=>welcome
17:43:03.264 INFO  utilities.Util -Size of list :: 1
17:43:03.264 INFO  utilities.Util -List is not empty
17:43:03.264 INFO  base.CheckPoint -test-01.login verification :-> PASS
17:43:03.264 INFO  base.CheckPoint -Test Method Successful
17:43:03.265 INFO  base.CheckPoint -Test Method Successful
17:43:03.265 INFO  base.TestListeners -onTestSuccess -> Test Method Name: testLogin
17:43:03.289 INFO  base.CheckPoint -Clearing Results Hash Map
17:43:04.974 INFO  base.CustomDriver -Clicked On :: Leave Link
17:43:06.031 INFO  base.CustomDriver -Clicked On :: Add Entitlements Link
17:43:06.045 INFO  utilities.Util -Waiting 2.0 seconds :: Sleep for 2 seconds
17:43:08.159 INFO  base.CustomDriver -Send Keys on element :: Employee Field with data :: Russell Hamilton
17:43:08.208 INFO  base.CustomDriver -Selected option : FMLA US
17:43:08.250 INFO  base.CustomDriver -Selected option : 2020-01-01 - 2020-12-31
17:43:08.328 INFO  base.CustomDriver -Send Keys on element :: Entitlement Field with data :: 20
17:43:08.401 INFO  base.CustomDriver -Clicked On :: Save Button
17:43:08.413 INFO  base.CustomDriver -Element List found with: id=>employeeEntitlement
17:43:08.413 INFO  base.CustomDriver -Element Add Entitlement Popup Present with locator id=>employeeEntitlement
17:43:08.413 INFO  utilities.Util -Waiting 5.0 seconds :: Sleep for 5 seconds
17:43:23.484 ERROR base.CustomDriver -Cannot click on :: Popup Confirm Button
17:43:23.484 INFO  utilities.Util -Current Date and Time :: 06_05_2020 17_43_23
17:43:23.825 INFO  base.CustomDriver -Screen Shot Was Stored at: /Users/anupamadhir/workspace/orangehrm/screenshots/_Click ERROR_06_05_2020 17_43_23.png
17:43:23.825 INFO  utilities.Util -Waiting 5.0 seconds :: Sleep for 5 seconds
17:43:38.840 ERROR base.CustomDriver -Element not found with: css=>tr[class='total'] td:nth-child(2)
17:43:38.846 INFO  base.CustomDriver -Current URL is :: https://opensource-demo.orangehrmlive.com/index.php/leave/addLeaveEntitlement
17:43:38.846 INFO  base.CheckPoint -test-add-entitlement.Add Leave Entitlement Verification :-> FAIL
17:43:38.846 INFO  base.CheckPoint -Test Method Failed
17:43:38.851 INFO  base.TestListeners -onTestFailure -> Test Method Name: testAddLeave
17:43:38.851 INFO  base.WebDriverFactory -OS Name from system property :: mac
17:43:38.851 INFO  base.WebDriverFactory -Driver Binary :: /Users/anupamadhir/workspace/orangehrm//drivers//chromedriver
17:43:38.852 INFO  utilities.Util -Current Date and Time :: 06_05_2020 17_43_38
17:43:39.168 INFO  base.CustomDriver -Screen Shot Was Stored at: /Users/anupamadhir/workspace/orangehrm/screenshots/chrome_testAddLeave_06_05_2020 17_43_38.png
17:43:39.171 INFO  base.CheckPoint -Clearing Results Hash Map
17:43:39.983 INFO  base.CustomDriver -Clicked On :: Leave Link
17:43:40.570 INFO  base.CustomDriver -Clicked On :: Add Entitlements Link
17:43:40.582 INFO  utilities.Util -Waiting 2.0 seconds :: Sleep for 2 seconds
17:43:42.704 INFO  base.CustomDriver -Send Keys on element :: Employee Field with data :: Russell Hamilton
17:43:42.745 INFO  base.CustomDriver -Selected option : FMLA US
17:43:42.787 INFO  base.CustomDriver -Selected option : 2020-01-01 - 2020-12-31
17:43:42.860 INFO  base.CustomDriver -Send Keys on element :: Entitlement Field with data :: 30
17:43:42.933 INFO  base.CustomDriver -Clicked On :: Save Button
17:43:42.944 INFO  base.CustomDriver -Element List found with: id=>employeeEntitlement
17:43:42.945 INFO  base.CustomDriver -Element Add Entitlement Popup Present with locator id=>employeeEntitlement
17:43:42.945 INFO  utilities.Util -Waiting 5.0 seconds :: Sleep for 5 seconds
17:43:58.009 ERROR base.CustomDriver -Cannot click on :: Popup Confirm Button
17:43:58.010 INFO  utilities.Util -Current Date and Time :: 06_05_2020 17_43_58
17:43:58.341 INFO  base.CustomDriver -Screen Shot Was Stored at: /Users/anupamadhir/workspace/orangehrm/screenshots/_Click ERROR_06_05_2020 17_43_58.png
17:43:58.341 INFO  utilities.Util -Waiting 5.0 seconds :: Sleep for 5 seconds
17:44:11.686 ERROR base.CustomDriver -Element not found with: css=>tr[class='total'] td:nth-child(2)
17:44:11.695 INFO  base.TestListeners -onTestFailure -> Test Method Name: testAddLeave
17:44:11.696 INFO  base.WebDriverFactory -OS Name from system property :: mac
17:44:11.696 INFO  base.WebDriverFactory -Driver Binary :: /Users/anupamadhir/workspace/orangehrm//drivers//chromedriver
17:44:11.697 INFO  utilities.Util -Current Date and Time :: 06_05_2020 17_44_11
17:44:11.711 ERROR base.CustomDriver -Element List not found with: id=>welcome
17:44:11.723 INFO  utilities.Util -Size of list :: 0
17:44:11.730 ERROR utilities.Util -List is empty
17:44:11.847 INFO  base.TestListeners -onFinish -> Test Tag Name: Application Test
17:44:20.315 INFO  utilities.Util -Current Date and Time :: 06_05_2020 17_44_20
17:44:20.328 INFO  utilities.ExtentManager -*********** Report Path ***********
17:44:20.328 INFO  utilities.ExtentManager -/Users/anupamadhir/workspace/orangehrm/reports/AutomationReport_06_05_2020 17_44_20.html
17:44:20.328 INFO  utilities.ExtentManager -*********** Report Path ***********
17:44:20.573 INFO  base.TestListeners -onStart -> Test Tag Name: Application Test
17:44:20.573 INFO  base.TestListeners -These methods will be executed in this <test> tag
17:44:20.573 INFO  base.TestListeners -testAddLeave
17:44:20.573 INFO  base.TestListeners -testLogin
17:44:20.605 INFO  base.WebDriverFactory -OS Name from system property :: mac
17:44:20.605 INFO  base.WebDriverFactory -Driver Binary :: /Users/anupamadhir/workspace/orangehrm//drivers//chromedriver
17:44:26.100 INFO  base.CustomDriver -Send Keys on element :: Email Field with data :: Admin
17:44:26.181 INFO  base.CustomDriver -Send Keys on element :: Password Field with data :: admin123
17:44:31.541 INFO  base.CustomDriver -Clicked On :: Login Button
17:44:31.899 INFO  base.CheckPoint -Clearing Results Hash Map
17:44:31.927 INFO  utilities.Util -Actual Text From Web Application UI   --> : Leave
17:44:31.927 INFO  utilities.Util -Expected Text From Web Application UI --> : Leave
17:44:31.927 INFO  utilities.Util -### Verification Contains !!!
17:44:31.927 INFO  base.CheckPoint -test-01.header verification :-> PASS
17:44:31.940 INFO  base.CustomDriver -Element List found with: id=>welcome
17:44:31.940 INFO  utilities.Util -Size of list :: 1
17:44:31.940 INFO  utilities.Util -List is not empty
17:44:31.940 INFO  base.CheckPoint -test-01.login verification :-> PASS
17:44:31.940 INFO  base.CheckPoint -Test Method Successful
17:44:31.942 INFO  base.CheckPoint -Test Method Successful
17:44:31.942 INFO  base.TestListeners -onTestSuccess -> Test Method Name: testLogin
17:44:31.963 INFO  base.CheckPoint -Clearing Results Hash Map
17:44:33.658 INFO  base.CustomDriver -Clicked On :: Leave Link
17:44:34.606 INFO  base.CustomDriver -Clicked On :: Add Entitlements Link
17:44:34.625 INFO  utilities.Util -Waiting 2.0 seconds :: Sleep for 2 seconds
17:44:36.763 INFO  base.CustomDriver -Send Keys on element :: Employee Field with data :: Russell Hamilton
17:44:36.763 INFO  utilities.Util -Waiting 2.0 seconds :: Sleep for 2 seconds
17:44:38.817 INFO  base.CustomDriver -Selected option : FMLA US
17:44:38.859 INFO  base.CustomDriver -Selected option : 2020-01-01 - 2020-12-31
17:44:38.932 INFO  base.CustomDriver -Send Keys on element :: Entitlement Field with data :: 20
17:44:38.990 INFO  base.CustomDriver -Clicked On :: Save Button
17:44:39.001 INFO  base.CustomDriver -Element List found with: id=>employeeEntitlement
17:44:39.001 INFO  base.CustomDriver -Element Add Entitlement Popup Present with locator id=>employeeEntitlement
17:44:39.001 INFO  utilities.Util -Waiting 5.0 seconds :: Sleep for 5 seconds
17:44:54.060 ERROR base.CustomDriver -Cannot click on :: Popup Confirm Button
17:44:54.061 INFO  utilities.Util -Current Date and Time :: 06_05_2020 17_44_54
17:44:54.394 INFO  base.CustomDriver -Screen Shot Was Stored at: /Users/anupamadhir/workspace/orangehrm/screenshots/_Click ERROR_06_05_2020 17_44_54.png
17:44:54.394 INFO  utilities.Util -Waiting 5.0 seconds :: Sleep for 5 seconds
17:44:59.404 ERROR base.CustomDriver -Element not found with: css=>tr[class='total'] td:nth-child(2)
17:44:59.419 INFO  base.TestListeners -onTestFailure -> Test Method Name: testAddLeave
17:44:59.420 INFO  base.WebDriverFactory -OS Name from system property :: mac
17:44:59.420 INFO  base.WebDriverFactory -Driver Binary :: /Users/anupamadhir/workspace/orangehrm//drivers//chromedriver
17:44:59.420 INFO  utilities.Util -Current Date and Time :: 06_05_2020 17_44_59
17:44:59.442 INFO  base.CheckPoint -Clearing Results Hash Map
17:44:59.452 ERROR base.CustomDriver -Element not found with: id=>menu_leave_viewLeaveModule
17:44:59.453 ERROR base.CustomDriver -Cannot click on :: Leave Link
17:44:59.454 INFO  utilities.Util -Current Date and Time :: 06_05_2020 17_44_59
17:44:59.467 ERROR base.CustomDriver -Element not found with: xpath=>//a[@id='menu_leave_Entitlements']
17:44:59.469 INFO  base.TestListeners -onTestFailure -> Test Method Name: testAddLeave
17:44:59.469 INFO  base.WebDriverFactory -OS Name from system property :: mac
17:44:59.470 INFO  base.WebDriverFactory -Driver Binary :: /Users/anupamadhir/workspace/orangehrm//drivers//chromedriver
17:44:59.470 INFO  utilities.Util -Current Date and Time :: 06_05_2020 17_44_59
17:44:59.502 ERROR base.CustomDriver -Element List not found with: id=>welcome
17:44:59.503 INFO  utilities.Util -Size of list :: 0
17:44:59.504 ERROR utilities.Util -List is empty
17:44:59.597 INFO  base.TestListeners -onFinish -> Test Tag Name: Application Test
17:46:25.792 INFO  utilities.Util -Current Date and Time :: 06_05_2020 17_46_25
17:46:25.799 INFO  utilities.ExtentManager -*********** Report Path ***********
17:46:25.800 INFO  utilities.ExtentManager -/Users/anupamadhir/workspace/orangehrm/reports/AutomationReport_06_05_2020 17_46_25.html
17:46:25.800 INFO  utilities.ExtentManager -*********** Report Path ***********
17:46:26.055 INFO  base.TestListeners -onStart -> Test Tag Name: Application Test
17:46:26.055 INFO  base.TestListeners -These methods will be executed in this <test> tag
17:46:26.055 INFO  base.TestListeners -testAddLeave
17:46:26.055 INFO  base.TestListeners -testLogin
17:46:26.076 INFO  base.WebDriverFactory -OS Name from system property :: mac
17:46:26.076 INFO  base.WebDriverFactory -Driver Binary :: /Users/anupamadhir/workspace/orangehrm//drivers//chromedriver
17:46:31.133 INFO  base.CustomDriver -Send Keys on element :: Email Field with data :: Admin
17:46:31.219 INFO  base.CustomDriver -Send Keys on element :: Password Field with data :: admin123
17:46:36.985 INFO  base.CustomDriver -Clicked On :: Login Button
17:46:37.350 INFO  base.CheckPoint -Clearing Results Hash Map
17:46:37.375 INFO  utilities.Util -Actual Text From Web Application UI   --> : Leave
17:46:37.375 INFO  utilities.Util -Expected Text From Web Application UI --> : Leave
17:46:37.375 INFO  utilities.Util -### Verification Contains !!!
17:46:37.375 INFO  base.CheckPoint -test-01.header verification :-> PASS
17:46:37.388 INFO  base.CustomDriver -Element List found with: id=>welcome
17:46:37.388 INFO  utilities.Util -Size of list :: 1
17:46:37.388 INFO  utilities.Util -List is not empty
17:46:37.388 INFO  base.CheckPoint -test-01.login verification :-> PASS
17:46:37.388 INFO  base.CheckPoint -Test Method Successful
17:46:37.389 INFO  base.CheckPoint -Test Method Successful
17:46:37.390 INFO  base.TestListeners -onTestSuccess -> Test Method Name: testLogin
17:46:37.405 INFO  base.CheckPoint -Clearing Results Hash Map
17:46:39.105 INFO  base.CustomDriver -Clicked On :: Leave Link
17:46:40.054 INFO  base.CustomDriver -Clicked On :: Add Entitlements Link
17:46:40.067 INFO  utilities.Util -Waiting 2.0 seconds :: Sleep for 2 seconds
17:46:42.201 INFO  base.CustomDriver -Send Keys on element :: Employee Field with data :: Russell Hamilton
17:46:42.201 INFO  utilities.Util -Waiting 2.0 seconds :: Sleep for 2 seconds
17:46:44.257 INFO  base.CustomDriver -Selected option : FMLA US
17:46:44.296 INFO  base.CustomDriver -Selected option : 2020-01-01 - 2020-12-31
17:46:44.370 INFO  base.CustomDriver -Send Keys on element :: Entitlement Field with data :: 20
17:46:44.429 INFO  base.CustomDriver -Clicked On :: Save Button
17:46:44.438 INFO  base.CustomDriver -Element List found with: id=>employeeEntitlement
17:46:44.438 INFO  base.CustomDriver -Element Add Entitlement Popup Present with locator id=>employeeEntitlement
17:46:44.438 INFO  utilities.Util -Waiting 5.0 seconds :: Sleep for 5 seconds
17:46:54.344 INFO  utilities.Util -Current Date and Time :: 06_05_2020 17_46_54
17:46:54.352 INFO  utilities.ExtentManager -*********** Report Path ***********
17:46:54.352 INFO  utilities.ExtentManager -/Users/anupamadhir/workspace/orangehrm/reports/AutomationReport_06_05_2020 17_46_54.html
17:46:54.352 INFO  utilities.ExtentManager -*********** Report Path ***********
17:46:54.627 INFO  base.TestListeners -onStart -> Test Tag Name: Application Test
17:46:54.627 INFO  base.TestListeners -These methods will be executed in this <test> tag
17:46:54.627 INFO  base.TestListeners -testAddLeave
17:46:54.627 INFO  base.TestListeners -testLogin
17:46:54.651 INFO  base.WebDriverFactory -OS Name from system property :: mac
17:46:54.651 INFO  base.WebDriverFactory -Driver Binary :: /Users/anupamadhir/workspace/orangehrm//drivers//chromedriver
17:46:58.450 ERROR base.CustomDriver -Element not found with: id=>txtUsername
17:46:58.452 ERROR base.CustomDriver -Cannot send keys on element :: Email Field with data :: Admin
17:46:58.460 ERROR base.CustomDriver -Element not found with: id=>txtPassword
17:46:58.461 ERROR base.CustomDriver -Cannot send keys on element :: Password Field with data :: admin123
17:46:58.468 ERROR base.CustomDriver -Element not found with: name=>Submit
17:46:58.470 ERROR base.CustomDriver -Cannot click on :: Login Button
17:46:58.471 INFO  utilities.Util -Current Date and Time :: 06_05_2020 17_46_58
17:46:58.855 INFO  base.CheckPoint -Clearing Results Hash Map
17:46:58.866 ERROR base.CustomDriver -Element not found with: id=>menu_leave_viewLeaveModule
17:46:58.872 INFO  base.TestListeners -onTestFailure -> Test Method Name: testLogin
17:46:58.880 INFO  base.WebDriverFactory -OS Name from system property :: mac
17:46:58.880 INFO  base.WebDriverFactory -Driver Binary :: /Users/anupamadhir/workspace/orangehrm//drivers//chromedriver
17:46:58.880 INFO  utilities.Util -Current Date and Time :: 06_05_2020 17_46_58
17:46:58.902 INFO  base.CheckPoint -Clearing Results Hash Map
17:46:58.913 ERROR base.CustomDriver -Element not found with: id=>menu_leave_viewLeaveModule
17:46:58.914 ERROR base.CustomDriver -Cannot click on :: Leave Link
17:46:58.914 INFO  utilities.Util -Current Date and Time :: 06_05_2020 17_46_58
17:46:58.927 ERROR base.CustomDriver -Element not found with: xpath=>//a[@id='menu_leave_Entitlements']
17:46:58.931 INFO  base.TestListeners -onTestFailure -> Test Method Name: testAddLeave
17:46:58.932 INFO  base.WebDriverFactory -OS Name from system property :: mac
17:46:58.932 INFO  base.WebDriverFactory -Driver Binary :: /Users/anupamadhir/workspace/orangehrm//drivers//chromedriver
17:46:58.932 INFO  utilities.Util -Current Date and Time :: 06_05_2020 17_46_58
17:46:58.941 INFO  base.CheckPoint -Clearing Results Hash Map
17:46:58.949 ERROR base.CustomDriver -Element not found with: id=>menu_leave_viewLeaveModule
17:46:58.949 ERROR base.CustomDriver -Cannot click on :: Leave Link
17:46:58.949 INFO  utilities.Util -Current Date and Time :: 06_05_2020 17_46_58
17:46:58.965 ERROR base.CustomDriver -Element not found with: xpath=>//a[@id='menu_leave_Entitlements']
17:46:58.966 INFO  base.TestListeners -onTestFailure -> Test Method Name: testAddLeave
17:46:58.967 INFO  base.WebDriverFactory -OS Name from system property :: mac
17:46:58.967 INFO  base.WebDriverFactory -Driver Binary :: /Users/anupamadhir/workspace/orangehrm//drivers//chromedriver
17:46:58.968 INFO  utilities.Util -Current Date and Time :: 06_05_2020 17_46_58
17:46:58.986 ERROR base.CustomDriver -Element List not found with: id=>welcome
17:46:58.987 INFO  utilities.Util -Size of list :: 0
17:46:58.987 ERROR utilities.Util -List is empty
17:46:59.076 INFO  base.TestListeners -onFinish -> Test Tag Name: Application Test
17:47:50.860 INFO  utilities.Util -Current Date and Time :: 06_05_2020 17_47_50
17:47:50.865 INFO  utilities.ExtentManager -*********** Report Path ***********
17:47:50.865 INFO  utilities.ExtentManager -/Users/anupamadhir/workspace/orangehrm/reports/AutomationReport_06_05_2020 17_47_50.html
17:47:50.865 INFO  utilities.ExtentManager -*********** Report Path ***********
17:47:51.102 INFO  base.TestListeners -onStart -> Test Tag Name: Application Test
17:47:51.102 INFO  base.TestListeners -These methods will be executed in this <test> tag
17:47:51.102 INFO  base.TestListeners -testAddLeave
17:47:51.102 INFO  base.TestListeners -testLogin
17:47:51.128 INFO  base.WebDriverFactory -OS Name from system property :: mac
17:47:51.129 INFO  base.WebDriverFactory -Driver Binary :: /Users/anupamadhir/workspace/orangehrm//drivers//chromedriver
17:47:56.128 INFO  base.CustomDriver -Send Keys on element :: Email Field with data :: Admin
17:47:56.213 INFO  base.CustomDriver -Send Keys on element :: Password Field with data :: admin123
17:48:01.563 INFO  base.CustomDriver -Clicked On :: Login Button
17:48:01.917 INFO  base.CheckPoint -Clearing Results Hash Map
17:48:01.945 INFO  utilities.Util -Actual Text From Web Application UI   --> : Leave
17:48:01.945 INFO  utilities.Util -Expected Text From Web Application UI --> : Leave
17:48:01.945 INFO  utilities.Util -### Verification Contains !!!
17:48:01.945 INFO  base.CheckPoint -test-01.header verification :-> PASS
17:48:01.960 INFO  base.CustomDriver -Element List found with: id=>welcome
17:48:01.960 INFO  utilities.Util -Size of list :: 1
17:48:01.960 INFO  utilities.Util -List is not empty
17:48:01.960 INFO  base.CheckPoint -test-01.login verification :-> PASS
17:48:01.960 INFO  base.CheckPoint -Test Method Successful
17:48:01.961 INFO  base.CheckPoint -Test Method Successful
17:48:01.962 INFO  base.TestListeners -onTestSuccess -> Test Method Name: testLogin
17:48:01.984 INFO  base.CheckPoint -Clearing Results Hash Map
17:48:03.988 INFO  base.CustomDriver -Clicked On :: Leave Link
17:48:04.946 INFO  base.CustomDriver -Clicked On :: Add Entitlements Link
17:48:04.962 INFO  utilities.Util -Waiting 2.0 seconds :: Sleep for 2 seconds
17:48:07.094 INFO  base.CustomDriver -Send Keys on element :: Employee Field with data :: Russell Hamilton
17:48:07.094 INFO  utilities.Util -Waiting 2.0 seconds :: Sleep for 2 seconds
17:48:09.149 INFO  base.CustomDriver -Selected option : FMLA US
17:48:09.192 INFO  base.CustomDriver -Selected option : 2020-01-01 - 2020-12-31
17:48:09.265 INFO  base.CustomDriver -Send Keys on element :: Entitlement Field with data :: 20
17:48:09.342 INFO  base.CustomDriver -Clicked On :: Save Button
17:48:09.354 INFO  base.CustomDriver -Element List found with: id=>employeeEntitlement
17:48:09.354 INFO  base.CustomDriver -Element Add Entitlement Popup Present with locator id=>employeeEntitlement
17:48:09.354 INFO  utilities.Util -Waiting 5.0 seconds :: Sleep for 5 seconds
17:48:30.609 ERROR base.CustomDriver -Cannot click on :: Popup Confirm Button
17:48:30.609 INFO  utilities.Util -Current Date and Time :: 06_05_2020 17_48_30
17:48:30.949 INFO  base.CustomDriver -Screen Shot Was Stored at: /Users/anupamadhir/workspace/orangehrm/screenshots/_Click ERROR_06_05_2020 17_48_30.png
17:48:30.949 INFO  utilities.Util -Waiting 5.0 seconds :: Sleep for 5 seconds
17:48:35.962 ERROR base.CustomDriver -Element not found with: css=>tr[class='total'] td:nth-child(2)
17:48:35.976 INFO  base.TestListeners -onTestFailure -> Test Method Name: testAddLeave
17:48:35.977 INFO  base.WebDriverFactory -OS Name from system property :: mac
17:48:35.977 INFO  base.WebDriverFactory -Driver Binary :: /Users/anupamadhir/workspace/orangehrm//drivers//chromedriver
17:48:35.977 INFO  utilities.Util -Current Date and Time :: 06_05_2020 17_48_35
17:48:35.991 INFO  base.CheckPoint -Clearing Results Hash Map
17:48:36.000 ERROR base.CustomDriver -Element not found with: id=>menu_leave_viewLeaveModule
17:48:36.002 ERROR base.CustomDriver -Cannot click on :: Leave Link
17:48:36.002 INFO  utilities.Util -Current Date and Time :: 06_05_2020 17_48_36
17:48:36.015 ERROR base.CustomDriver -Element not found with: xpath=>//a[@id='menu_leave_Entitlements']
17:48:36.017 INFO  base.TestListeners -onTestFailure -> Test Method Name: testAddLeave
17:48:36.018 INFO  base.WebDriverFactory -OS Name from system property :: mac
17:48:36.018 INFO  base.WebDriverFactory -Driver Binary :: /Users/anupamadhir/workspace/orangehrm//drivers//chromedriver
17:48:36.018 INFO  utilities.Util -Current Date and Time :: 06_05_2020 17_48_36
17:48:36.033 ERROR base.CustomDriver -Element List not found with: id=>welcome
17:48:36.034 INFO  utilities.Util -Size of list :: 0
17:48:36.034 ERROR utilities.Util -List is empty
17:48:36.131 INFO  base.TestListeners -onFinish -> Test Tag Name: Application Test
