09:51:20.115 INFO  base.WebDriverFactory -OS Name from system property :: mac
09:51:20.119 INFO  base.WebDriverFactory -Driver Binary :: /Users/anupamadhir/workspace/orangehrm//drivers//chromedriver
09:53:43.359 INFO  utilities.Util -Current Date and Time :: 06_04_2020 09_53_43
09:53:43.366 INFO  utilities.ExtentManager -*********** Report Path ***********
09:53:43.366 INFO  utilities.ExtentManager -/Users/anupamadhir/workspace/orangehrm/reports/AutomationReport_06_04_2020 09_53_43.html
09:53:43.366 INFO  utilities.ExtentManager -*********** Report Path ***********
09:53:43.646 INFO  base.TestListeners -onStart -> Test Tag Name: Application Test
09:53:43.646 INFO  base.TestListeners -These methods will be executed in this <test> tag
09:53:43.646 INFO  base.TestListeners -testLogin
09:53:43.669 INFO  base.WebDriverFactory -OS Name from system property :: mac
09:53:43.669 INFO  base.WebDriverFactory -Driver Binary :: /Users/anupamadhir/workspace/orangehrm//drivers//chromedriver
09:53:45.254 INFO  base.TestListeners -onTestSkipped -> Test Method Name: testLogin
09:53:45.258 INFO  base.TestListeners -onTestFailure -> Test Method Name: testLogin
09:53:45.259 INFO  base.TestListeners -onFinish -> Test Tag Name: Application Test
09:59:14.773 INFO  utilities.Util -Current Date and Time :: 06_04_2020 09_59_14
09:59:14.779 INFO  utilities.ExtentManager -*********** Report Path ***********
09:59:14.779 INFO  utilities.ExtentManager -/Users/anupamadhir/workspace/orangehrm/reports/AutomationReport_06_04_2020 09_59_14.html
09:59:14.779 INFO  utilities.ExtentManager -*********** Report Path ***********
09:59:15.032 INFO  base.TestListeners -onStart -> Test Tag Name: Application Test
09:59:15.032 INFO  base.TestListeners -These methods will be executed in this <test> tag
09:59:15.032 INFO  base.TestListeners -testLogin
09:59:15.059 INFO  base.WebDriverFactory -OS Name from system property :: mac
09:59:15.059 INFO  base.WebDriverFactory -Driver Binary :: /Users/anupamadhir/workspace/orangehrm//drivers//chromedriver
09:59:20.191 INFO  base.CheckPoint -Clearing Results Hash Map
09:59:20.202 INFO  base.TestListeners -onTestFailure -> Test Method Name: testLogin
09:59:20.209 INFO  base.WebDriverFactory -OS Name from system property :: mac
09:59:20.209 INFO  base.WebDriverFactory -Driver Binary :: /Users/anupamadhir/workspace/orangehrm//drivers//chromedriver
09:59:20.209 INFO  utilities.Util -Current Date and Time :: 06_04_2020 09_59_20
09:59:20.619 INFO  base.CustomDriver -Screen Shot Was Stored at: /Users/anupamadhir/workspace/orangehrm/screenshots/chrome_testLogin_06_04_2020 09_59_20.png
09:59:30.673 INFO  base.CustomDriver -Element List not found with: xpath=>//a[contains(text(), 'Welcome')]
09:59:30.673 INFO  utilities.Util -Size of list :: 0
09:59:30.673 ERROR utilities.Util -List is empty
09:59:30.772 INFO  base.TestListeners -onFinish -> Test Tag Name: Application Test
10:01:29.305 INFO  utilities.Util -Current Date and Time :: 06_04_2020 10_01_29
10:01:29.311 INFO  utilities.ExtentManager -*********** Report Path ***********
10:01:29.311 INFO  utilities.ExtentManager -/Users/anupamadhir/workspace/orangehrm/reports/AutomationReport_06_04_2020 10_01_29.html
10:01:29.311 INFO  utilities.ExtentManager -*********** Report Path ***********
10:01:29.532 INFO  base.TestListeners -onStart -> Test Tag Name: Application Test
10:01:29.532 INFO  base.TestListeners -These methods will be executed in this <test> tag
10:01:29.532 INFO  base.TestListeners -testLogin
10:01:29.555 INFO  base.WebDriverFactory -OS Name from system property :: mac
10:01:29.555 INFO  base.WebDriverFactory -Driver Binary :: /Users/anupamadhir/workspace/orangehrm//drivers//chromedriver
10:01:34.537 INFO  base.CheckPoint -Clearing Results Hash Map
10:01:34.544 INFO  base.TestListeners -onTestFailure -> Test Method Name: testLogin
10:01:34.552 INFO  base.WebDriverFactory -OS Name from system property :: mac
10:01:34.552 INFO  base.WebDriverFactory -Driver Binary :: /Users/anupamadhir/workspace/orangehrm//drivers//chromedriver
10:01:34.553 INFO  utilities.Util -Current Date and Time :: 06_04_2020 10_01_34
10:01:34.953 INFO  base.CustomDriver -Screen Shot Was Stored at: /Users/anupamadhir/workspace/orangehrm/screenshots/chrome_testLogin_06_04_2020 10_01_34.png
10:01:45.021 INFO  base.CustomDriver -Element List not found with: xpath=>//a[contains(text(), 'Welcome')]
10:01:45.021 INFO  utilities.Util -Size of list :: 0
10:01:45.021 ERROR utilities.Util -List is empty
10:01:45.112 INFO  base.TestListeners -onFinish -> Test Tag Name: Application Test
10:02:48.891 INFO  utilities.Util -Current Date and Time :: 06_04_2020 10_02_48
10:02:48.896 INFO  utilities.ExtentManager -*********** Report Path ***********
10:02:48.896 INFO  utilities.ExtentManager -/Users/anupamadhir/workspace/orangehrm/reports/AutomationReport_06_04_2020 10_02_48.html
10:02:48.896 INFO  utilities.ExtentManager -*********** Report Path ***********
10:02:49.110 INFO  base.TestListeners -onStart -> Test Tag Name: Application Test
10:02:49.110 INFO  base.TestListeners -These methods will be executed in this <test> tag
10:02:49.110 INFO  base.TestListeners -testLogin
10:02:49.133 INFO  base.WebDriverFactory -OS Name from system property :: mac
10:02:49.133 INFO  base.WebDriverFactory -Driver Binary :: /Users/anupamadhir/workspace/orangehrm//drivers//chromedriver
10:02:53.548 INFO  base.CheckPoint -Clearing Results Hash Map
10:02:53.556 INFO  base.TestListeners -onTestFailure -> Test Method Name: testLogin
10:02:53.565 INFO  base.WebDriverFactory -OS Name from system property :: mac
10:02:53.565 INFO  base.WebDriverFactory -Driver Binary :: /Users/anupamadhir/workspace/orangehrm//drivers//chromedriver
10:02:53.566 INFO  utilities.Util -Current Date and Time :: 06_04_2020 10_02_53
10:02:53.937 INFO  base.CustomDriver -Screen Shot Was Stored at: /Users/anupamadhir/workspace/orangehrm/screenshots/chrome_testLogin_06_04_2020 10_02_53.png
10:03:03.978 INFO  base.CustomDriver -Element List not found with: xpath=>//a[contains(text(), 'Welcome')]
10:03:03.978 INFO  utilities.Util -Size of list :: 0
10:03:03.979 ERROR utilities.Util -List is empty
10:03:04.070 INFO  base.TestListeners -onFinish -> Test Tag Name: Application Test
10:03:18.440 INFO  utilities.Util -Current Date and Time :: 06_04_2020 10_03_18
10:03:18.445 INFO  utilities.ExtentManager -*********** Report Path ***********
10:03:18.445 INFO  utilities.ExtentManager -/Users/anupamadhir/workspace/orangehrm/reports/AutomationReport_06_04_2020 10_03_18.html
10:03:18.445 INFO  utilities.ExtentManager -*********** Report Path ***********
10:03:18.671 INFO  base.TestListeners -onStart -> Test Tag Name: Application Test
10:03:18.671 INFO  base.TestListeners -These methods will be executed in this <test> tag
10:03:18.673 INFO  base.TestListeners -testLogin
10:03:18.692 INFO  base.WebDriverFactory -OS Name from system property :: mac
10:03:18.692 INFO  base.WebDriverFactory -Driver Binary :: /Users/anupamadhir/workspace/orangehrm//drivers//chromedriver
10:03:23.236 INFO  base.CheckPoint -Clearing Results Hash Map
10:03:23.244 INFO  base.TestListeners -onTestFailure -> Test Method Name: testLogin
10:03:23.251 INFO  base.WebDriverFactory -OS Name from system property :: mac
10:03:23.251 INFO  base.WebDriverFactory -Driver Binary :: /Users/anupamadhir/workspace/orangehrm//drivers//chromedriver
10:03:23.251 INFO  utilities.Util -Current Date and Time :: 06_04_2020 10_03_23
10:03:23.614 INFO  base.CustomDriver -Screen Shot Was Stored at: /Users/anupamadhir/workspace/orangehrm/screenshots/chrome_testLogin_06_04_2020 10_03_23.png
10:03:33.660 INFO  base.CustomDriver -Element List not found with: xpath=>//a[contains(text(), 'Welcome')]
10:03:33.660 INFO  utilities.Util -Size of list :: 0
10:03:33.660 ERROR utilities.Util -List is empty
10:03:33.758 INFO  base.TestListeners -onFinish -> Test Tag Name: Application Test
10:04:12.891 INFO  utilities.Util -Current Date and Time :: 06_04_2020 10_04_12
10:04:12.896 INFO  utilities.ExtentManager -*********** Report Path ***********
10:04:12.897 INFO  utilities.ExtentManager -/Users/anupamadhir/workspace/orangehrm/reports/AutomationReport_06_04_2020 10_04_12.html
10:04:12.897 INFO  utilities.ExtentManager -*********** Report Path ***********
10:04:13.130 INFO  base.TestListeners -onStart -> Test Tag Name: Application Test
10:04:13.130 INFO  base.TestListeners -These methods will be executed in this <test> tag
10:04:13.133 INFO  base.TestListeners -testLogin
10:04:13.163 INFO  base.WebDriverFactory -OS Name from system property :: mac
10:04:13.163 INFO  base.WebDriverFactory -Driver Binary :: /Users/anupamadhir/workspace/orangehrm//drivers//chromedriver
10:04:18.070 INFO  base.CheckPoint -Clearing Results Hash Map
10:04:18.079 INFO  base.TestListeners -onTestFailure -> Test Method Name: testLogin
10:04:18.086 INFO  base.WebDriverFactory -OS Name from system property :: mac
10:04:18.086 INFO  base.WebDriverFactory -Driver Binary :: /Users/anupamadhir/workspace/orangehrm//drivers//chromedriver
10:04:18.087 INFO  utilities.Util -Current Date and Time :: 06_04_2020 10_04_18
10:04:18.476 INFO  base.CustomDriver -Screen Shot Was Stored at: /Users/anupamadhir/workspace/orangehrm/screenshots/chrome_testLogin_06_04_2020 10_04_18.png
10:04:28.518 INFO  base.CustomDriver -Element List not found with: xpath=>//a[contains(text(), 'Welcome')]
10:04:28.520 INFO  utilities.Util -Size of list :: 0
10:04:28.521 ERROR utilities.Util -List is empty
10:04:28.623 INFO  base.TestListeners -onFinish -> Test Tag Name: Application Test
10:05:03.602 INFO  utilities.Util -Current Date and Time :: 06_04_2020 10_05_03
10:05:03.608 INFO  utilities.ExtentManager -*********** Report Path ***********
10:05:03.608 INFO  utilities.ExtentManager -/Users/anupamadhir/workspace/orangehrm/reports/AutomationReport_06_04_2020 10_05_03.html
10:05:03.608 INFO  utilities.ExtentManager -*********** Report Path ***********
10:05:03.848 INFO  base.TestListeners -onStart -> Test Tag Name: Application Test
10:05:03.848 INFO  base.TestListeners -These methods will be executed in this <test> tag
10:05:03.848 INFO  base.TestListeners -testLogin
10:05:03.872 INFO  base.WebDriverFactory -OS Name from system property :: mac
10:05:03.873 INFO  base.WebDriverFactory -Driver Binary :: /Users/anupamadhir/workspace/orangehrm//drivers//chromedriver
10:05:09.170 INFO  base.CheckPoint -Clearing Results Hash Map
10:05:09.178 INFO  base.TestListeners -onTestFailure -> Test Method Name: testLogin
10:05:09.186 INFO  base.WebDriverFactory -OS Name from system property :: mac
10:05:09.186 INFO  base.WebDriverFactory -Driver Binary :: /Users/anupamadhir/workspace/orangehrm//drivers//chromedriver
10:05:09.187 INFO  utilities.Util -Current Date and Time :: 06_04_2020 10_05_09
10:05:09.574 INFO  base.CustomDriver -Screen Shot Was Stored at: /Users/anupamadhir/workspace/orangehrm/screenshots/chrome_testLogin_06_04_2020 10_05_09.png
10:05:19.620 INFO  base.CustomDriver -Element List not found with: xpath=>//a[contains(text(), 'Welcome')]
10:05:19.620 INFO  utilities.Util -Size of list :: 0
10:05:19.621 ERROR utilities.Util -List is empty
10:05:19.723 INFO  base.TestListeners -onFinish -> Test Tag Name: Application Test
10:08:27.812 INFO  utilities.Util -Current Date and Time :: 06_04_2020 10_08_27
10:08:27.816 INFO  utilities.ExtentManager -*********** Report Path ***********
10:08:27.816 INFO  utilities.ExtentManager -/Users/anupamadhir/workspace/orangehrm/reports/AutomationReport_06_04_2020 10_08_27.html
10:08:27.816 INFO  utilities.ExtentManager -*********** Report Path ***********
10:08:28.074 INFO  base.TestListeners -onStart -> Test Tag Name: Application Test
10:08:28.075 INFO  base.TestListeners -These methods will be executed in this <test> tag
10:08:28.075 INFO  base.TestListeners -testLogin
10:08:28.105 INFO  base.WebDriverFactory -OS Name from system property :: mac
10:08:28.110 INFO  base.WebDriverFactory -Driver Binary :: /Users/anupamadhir/workspace/orangehrm//drivers//chromedriver
10:08:32.601 INFO  base.CheckPoint -Clearing Results Hash Map
10:08:32.743 INFO  base.CustomDriver -Send Keys on element :: Email Field with data :: Admin
10:08:32.827 INFO  base.CustomDriver -Send Keys on element :: Password Field with data :: admin123
10:08:36.426 INFO  base.CustomDriver -Clicked On :: Login Button
10:08:36.427 INFO  base.TestListeners -onTestSuccess -> Test Method Name: testLogin
10:08:37.696 INFO  base.CustomDriver -Element List found with: xpath=>//a[contains(text(), 'Welcome')]
10:08:37.696 INFO  utilities.Util -Size of list :: 1
10:08:37.696 INFO  utilities.Util -List is not empty
10:08:37.761 INFO  base.CustomDriver -Clicked On :: User Account Icon
10:08:37.765 INFO  base.CustomDriver -Waiting for max:: 10 seconds for element to be available
10:08:48.106 ERROR base.CustomDriver -Element not appeared on the web page
10:08:48.122 ERROR base.CustomDriver -Cannot click on :: Logout Link
10:08:48.221 INFO  base.TestListeners -onFinish -> Test Tag Name: Application Test
10:09:14.485 INFO  utilities.Util -Current Date and Time :: 06_04_2020 10_09_14
10:09:14.490 INFO  utilities.ExtentManager -*********** Report Path ***********
10:09:14.490 INFO  utilities.ExtentManager -/Users/anupamadhir/workspace/orangehrm/reports/AutomationReport_06_04_2020 10_09_14.html
10:09:14.490 INFO  utilities.ExtentManager -*********** Report Path ***********
10:09:14.715 INFO  base.TestListeners -onStart -> Test Tag Name: Application Test
10:09:14.715 INFO  base.TestListeners -These methods will be executed in this <test> tag
10:09:14.718 INFO  base.TestListeners -testLogin
10:09:14.754 INFO  base.WebDriverFactory -OS Name from system property :: mac
10:09:14.754 INFO  base.WebDriverFactory -Driver Binary :: /Users/anupamadhir/workspace/orangehrm//drivers//chromedriver
10:09:19.340 INFO  base.CheckPoint -Clearing Results Hash Map
10:09:19.465 INFO  base.CustomDriver -Send Keys on element :: Email Field with data :: Admin
10:09:19.547 INFO  base.CustomDriver -Send Keys on element :: Password Field with data :: admin123
10:09:24.365 INFO  base.CustomDriver -Clicked On :: Login Button
10:09:24.366 INFO  base.TestListeners -onTestSuccess -> Test Method Name: testLogin
10:09:24.389 INFO  base.CustomDriver -Element List found with: xpath=>//a[contains(text(), 'Welcome')]
10:09:24.389 INFO  utilities.Util -Size of list :: 1
10:09:24.389 INFO  utilities.Util -List is not empty
10:09:24.451 INFO  base.CustomDriver -Clicked On :: User Account Icon
10:09:24.454 INFO  base.CustomDriver -Waiting for max:: 10 seconds for element to be available
10:09:34.473 ERROR base.CustomDriver -Element not appeared on the web page
10:09:34.485 ERROR base.CustomDriver -Cannot click on :: Logout Link
10:09:34.592 INFO  base.TestListeners -onFinish -> Test Tag Name: Application Test
10:45:07.397 INFO  utilities.Util -Current Date and Time :: 06_04_2020 10_45_07
10:45:07.401 INFO  utilities.ExtentManager -*********** Report Path ***********
10:45:07.401 INFO  utilities.ExtentManager -/Users/anupamadhir/workspace/orangehrm/reports/AutomationReport_06_04_2020 10_45_07.html
10:45:07.402 INFO  utilities.ExtentManager -*********** Report Path ***********
10:45:07.589 INFO  base.TestListeners -onStart -> Test Tag Name: Application Test
10:45:07.589 INFO  base.TestListeners -These methods will be executed in this <test> tag
10:45:07.589 INFO  base.TestListeners -testLogin
10:45:07.607 INFO  base.WebDriverFactory -OS Name from system property :: mac
10:45:07.607 INFO  base.WebDriverFactory -Driver Binary :: /Users/anupamadhir/workspace/orangehrm//drivers//chromedriver
10:45:12.571 INFO  base.CheckPoint -Clearing Results Hash Map
10:45:12.694 INFO  base.CustomDriver -Send Keys on element :: Email Field with data :: Admin
10:45:12.775 INFO  base.CustomDriver -Send Keys on element :: Password Field with data :: admin123
10:45:17.913 INFO  base.CustomDriver -Clicked On :: Login Button
10:45:17.936 INFO  utilities.Util -Actual Text From Web Application UI   --> : Leave
10:45:17.936 INFO  utilities.Util -Expected Text From Web Application UI --> : Leave
10:45:17.936 INFO  utilities.Util -### Verification Contains !!!
10:45:17.937 INFO  base.TestListeners -onTestSuccess -> Test Method Name: testLogin
10:45:17.959 INFO  base.CustomDriver -Element List found with: xpath=>//a[contains(text(), 'Welcome')]
10:45:17.959 INFO  utilities.Util -Size of list :: 1
10:45:17.959 INFO  utilities.Util -List is not empty
10:45:18.019 INFO  base.CustomDriver -Clicked On :: User Account Icon
10:45:18.022 INFO  base.CustomDriver -Waiting for max:: 10 seconds for element to be available
10:45:28.350 ERROR base.CustomDriver -Element not appeared on the web page
10:45:28.362 ERROR base.CustomDriver -Cannot click on :: Logout Link
10:45:28.465 INFO  base.TestListeners -onFinish -> Test Tag Name: Application Test
10:48:43.071 INFO  utilities.Util -Current Date and Time :: 06_04_2020 10_48_43
10:48:43.077 INFO  utilities.ExtentManager -*********** Report Path ***********
10:48:43.077 INFO  utilities.ExtentManager -/Users/anupamadhir/workspace/orangehrm/reports/AutomationReport_06_04_2020 10_48_43.html
10:48:43.077 INFO  utilities.ExtentManager -*********** Report Path ***********
10:48:43.314 INFO  base.TestListeners -onStart -> Test Tag Name: Application Test
10:48:43.314 INFO  base.TestListeners -These methods will be executed in this <test> tag
10:48:43.314 INFO  base.TestListeners -testLogin
10:48:43.336 INFO  base.WebDriverFactory -OS Name from system property :: mac
10:48:43.336 INFO  base.WebDriverFactory -Driver Binary :: /Users/anupamadhir/workspace/orangehrm//drivers//chromedriver
10:48:48.225 INFO  base.CheckPoint -Clearing Results Hash Map
10:48:48.353 INFO  base.CustomDriver -Send Keys on element :: Email Field with data :: Admin
10:48:48.434 INFO  base.CustomDriver -Send Keys on element :: Password Field with data :: admin123
10:48:53.475 INFO  base.CustomDriver -Clicked On :: Login Button
10:48:53.498 INFO  utilities.Util -Actual Text From Web Application UI   --> : Leave
10:48:53.498 INFO  utilities.Util -Expected Text From Web Application UI --> : Leave
10:48:53.498 INFO  utilities.Util -### Verification Contains !!!
10:48:53.498 INFO  base.CheckPoint -test-01.header verification :-> PASS
10:48:53.512 INFO  base.CustomDriver -Element List found with: xpath=>//a[contains(text(), 'Welcome')]
10:48:53.513 INFO  utilities.Util -Size of list :: 1
10:48:53.513 INFO  utilities.Util -List is not empty
10:48:53.513 INFO  base.CheckPoint -test-01.login verification :-> PASS
10:48:53.513 INFO  base.CheckPoint -Test Method Successful
10:48:53.514 INFO  base.CheckPoint -Test Method Successful
10:48:53.515 INFO  base.TestListeners -onTestSuccess -> Test Method Name: testLogin
10:48:53.529 INFO  base.CustomDriver -Element List found with: xpath=>//a[contains(text(), 'Welcome')]
10:48:53.529 INFO  utilities.Util -Size of list :: 1
10:48:53.529 INFO  utilities.Util -List is not empty
10:48:53.584 INFO  base.CustomDriver -Clicked On :: User Account Icon
10:48:53.589 INFO  base.CustomDriver -Waiting for max:: 10 seconds for element to be available
10:49:03.917 ERROR base.CustomDriver -Element not appeared on the web page
10:49:03.930 ERROR base.CustomDriver -Cannot click on :: Logout Link
10:49:04.041 INFO  base.TestListeners -onFinish -> Test Tag Name: Application Test
10:49:33.409 INFO  utilities.Util -Current Date and Time :: 06_04_2020 10_49_33
10:49:33.413 INFO  utilities.ExtentManager -*********** Report Path ***********
10:49:33.413 INFO  utilities.ExtentManager -/Users/anupamadhir/workspace/orangehrm/reports/AutomationReport_06_04_2020 10_49_33.html
10:49:33.413 INFO  utilities.ExtentManager -*********** Report Path ***********
10:49:33.696 INFO  base.TestListeners -onStart -> Test Tag Name: Application Test
10:49:33.696 INFO  base.TestListeners -These methods will be executed in this <test> tag
10:49:33.696 INFO  base.TestListeners -testLogin
10:49:33.722 INFO  base.WebDriverFactory -OS Name from system property :: mac
10:49:33.722 INFO  base.WebDriverFactory -Driver Binary :: /Users/anupamadhir/workspace/orangehrm//drivers//chromedriver
10:49:38.506 INFO  base.CheckPoint -Clearing Results Hash Map
10:49:38.631 INFO  base.CustomDriver -Send Keys on element :: Email Field with data :: Admin
10:49:38.714 INFO  base.CustomDriver -Send Keys on element :: Password Field with data :: admin123
10:49:42.795 INFO  base.CustomDriver -Clicked On :: Login Button
10:49:42.822 INFO  utilities.Util -Actual Text From Web Application UI   --> : Leave
10:49:42.822 INFO  utilities.Util -Expected Text From Web Application UI --> : Leave
10:49:42.822 INFO  utilities.Util -### Verification Contains !!!
10:49:42.822 INFO  base.CheckPoint -test-01.header verification :-> PASS
10:49:42.837 INFO  base.CustomDriver -Element List found with: xpath=>//a[contains(text(), 'Welcome')]
10:49:42.837 INFO  utilities.Util -Size of list :: 1
10:49:42.837 INFO  utilities.Util -List is not empty
10:49:42.837 INFO  base.CheckPoint -test-01.login verification :-> PASS
10:49:42.837 INFO  base.CheckPoint -Test Method Successful
10:49:42.838 INFO  base.CheckPoint -Test Method Successful
10:49:42.839 INFO  base.TestListeners -onTestSuccess -> Test Method Name: testLogin
10:49:44.127 INFO  base.CustomDriver -Element List found with: xpath=>//a[contains(text(), 'Welcome')]
10:49:44.128 INFO  utilities.Util -Size of list :: 1
10:49:44.128 INFO  utilities.Util -List is not empty
10:49:44.229 INFO  base.CustomDriver -Clicked On :: User Account Icon
10:49:44.233 INFO  base.CustomDriver -Waiting for max:: 10 seconds for element to be available
10:49:54.564 ERROR base.CustomDriver -Element not appeared on the web page
10:49:54.576 ERROR base.CustomDriver -Cannot click on :: Logout Link
10:49:54.689 INFO  base.TestListeners -onFinish -> Test Tag Name: Application Test
