08:26:41.748 INFO  utilities.Util -Current Date and Time :: 06_05_2020 08_26_41
08:26:41.757 INFO  utilities.ExtentManager -*********** Report Path ***********
08:26:41.757 INFO  utilities.ExtentManager -/Users/anupamadhir/workspace/orangehrm/reports/AutomationReport_06_05_2020 08_26_41.html
08:26:41.757 INFO  utilities.ExtentManager -*********** Report Path ***********
08:26:41.968 INFO  base.TestListeners -onStart -> Test Tag Name: Application Test
08:26:41.968 INFO  base.TestListeners -These methods will be executed in this <test> tag
08:26:41.969 INFO  base.TestListeners -testAddLeave
08:26:41.969 INFO  base.TestListeners -testLogin
08:26:41.990 INFO  base.WebDriverFactory -OS Name from system property :: mac
08:26:41.990 INFO  base.WebDriverFactory -Driver Binary :: /Users/anupamadhir/workspace/orangehrm//drivers//chromedriver
08:26:47.641 INFO  base.CheckPoint -Clearing Results Hash Map
08:26:47.788 INFO  base.CustomDriver -Send Keys on element :: Email Field with data :: Admin
08:26:47.874 INFO  base.CustomDriver -Send Keys on element :: Password Field with data :: admin123
08:26:53.604 INFO  base.CustomDriver -Clicked On :: Login Button
08:26:53.632 INFO  utilities.Util -Actual Text From Web Application UI   --> : Leave
08:26:53.632 INFO  utilities.Util -Expected Text From Web Application UI --> : Leave
08:26:53.632 INFO  utilities.Util -### Verification Contains !!!
08:26:53.632 INFO  base.CheckPoint -test-01.header verification :-> PASS
08:26:53.651 INFO  base.CustomDriver -Element List found with: xpath=>//a[contains(text(), 'Welcome')]
08:26:53.651 INFO  utilities.Util -Size of list :: 1
08:26:53.651 INFO  utilities.Util -List is not empty
08:26:53.651 INFO  base.CheckPoint -test-01.login verification :-> PASS
08:26:53.651 INFO  base.CheckPoint -Test Method Successful
08:26:53.653 INFO  base.CheckPoint -Test Method Successful
08:26:53.653 INFO  base.TestListeners -onTestSuccess -> Test Method Name: testLogin
08:26:53.670 INFO  base.CustomDriver -Element List found with: xpath=>//a[contains(text(), 'Welcome')]
08:26:53.670 INFO  utilities.Util -Size of list :: 1
08:26:53.670 INFO  utilities.Util -List is not empty
08:26:53.738 INFO  base.CustomDriver -Clicked On :: User Account Icon
08:26:53.742 INFO  base.CustomDriver -Waiting for max:: 10 seconds for element to be available
08:27:04.080 ERROR base.CustomDriver -Element not appeared on the web page
08:27:04.101 ERROR base.CustomDriver -Cannot click on :: Logout Link
08:27:04.103 INFO  base.CheckPoint -Clearing Results Hash Map
08:27:06.366 INFO  base.CustomDriver -Clicked On :: Leave Link
08:27:07.330 INFO  base.CustomDriver -Clicked On :: Add Entitlements Link
08:27:07.331 INFO  base.TestListeners -onTestSuccess -> Test Method Name: testAddLeave
08:27:07.351 INFO  base.CustomDriver -Element List found with: xpath=>//a[contains(text(), 'Welcome')]
08:27:07.351 INFO  utilities.Util -Size of list :: 1
08:27:07.351 INFO  utilities.Util -List is not empty
08:27:07.408 INFO  base.CustomDriver -Clicked On :: User Account Icon
08:27:07.411 INFO  base.CustomDriver -Waiting for max:: 10 seconds for element to be available
08:27:17.689 ERROR base.CustomDriver -Element not appeared on the web page
08:27:17.702 ERROR base.CustomDriver -Cannot click on :: Logout Link
08:27:17.804 INFO  base.TestListeners -onFinish -> Test Tag Name: Application Test
09:10:18.152 INFO  utilities.Util -Current Date and Time :: 06_05_2020 09_10_18
09:10:18.158 INFO  utilities.ExtentManager -*********** Report Path ***********
09:10:18.158 INFO  utilities.ExtentManager -/Users/anupamadhir/workspace/orangehrm/reports/AutomationReport_06_05_2020 09_10_18.html
09:10:18.158 INFO  utilities.ExtentManager -*********** Report Path ***********
09:10:18.457 INFO  base.TestListeners -onStart -> Test Tag Name: Application Test
09:10:18.458 INFO  base.TestListeners -These methods will be executed in this <test> tag
09:10:18.458 INFO  base.TestListeners -testAddLeave
09:10:18.458 INFO  base.TestListeners -testLogin
09:10:18.479 INFO  base.WebDriverFactory -OS Name from system property :: mac
09:10:18.479 INFO  base.WebDriverFactory -Driver Binary :: /Users/anupamadhir/workspace/orangehrm//drivers//chromedriver
09:10:23.145 INFO  base.CheckPoint -Clearing Results Hash Map
09:10:23.286 INFO  base.CustomDriver -Send Keys on element :: Email Field with data :: Admin
09:10:23.371 INFO  base.CustomDriver -Send Keys on element :: Password Field with data :: admin123
09:10:27.381 INFO  base.CustomDriver -Clicked On :: Login Button
09:10:27.412 INFO  utilities.Util -Actual Text From Web Application UI   --> : Leave
09:10:27.412 INFO  utilities.Util -Expected Text From Web Application UI --> : Leave
09:10:27.412 INFO  utilities.Util -### Verification Contains !!!
09:10:27.412 INFO  base.CheckPoint -test-01.header verification :-> PASS
09:10:27.429 INFO  base.CustomDriver -Element List found with: xpath=>//a[contains(text(), 'Welcome')]
09:10:27.429 INFO  utilities.Util -Size of list :: 1
09:10:27.429 INFO  utilities.Util -List is not empty
09:10:27.429 INFO  base.CheckPoint -test-01.login verification :-> PASS
09:10:27.429 INFO  base.CheckPoint -Test Method Successful
09:10:27.431 INFO  base.CheckPoint -Test Method Successful
09:10:27.431 INFO  base.TestListeners -onTestSuccess -> Test Method Name: testLogin
09:10:28.651 INFO  base.CustomDriver -Element List found with: xpath=>//a[contains(text(), 'Welcome')]
09:10:28.651 INFO  utilities.Util -Size of list :: 1
09:10:28.651 INFO  utilities.Util -List is not empty
09:10:28.721 INFO  base.CustomDriver -Clicked On :: User Account Icon
09:10:28.725 INFO  base.CustomDriver -Waiting for max:: 10 seconds for element to be available
09:10:39.070 ERROR base.CustomDriver -Element not appeared on the web page
09:10:39.082 ERROR base.CustomDriver -Cannot click on :: Logout Link
09:10:39.084 INFO  base.CheckPoint -Clearing Results Hash Map
09:10:40.957 INFO  base.CustomDriver -Clicked On :: Leave Link
09:10:41.956 INFO  base.CustomDriver -Clicked On :: Add Entitlements Link
09:10:41.957 INFO  base.TestListeners -onTestSuccess -> Test Method Name: testAddLeave
09:10:41.973 INFO  base.CustomDriver -Element List found with: xpath=>//a[contains(text(), 'Welcome')]
09:10:41.973 INFO  utilities.Util -Size of list :: 1
09:10:41.973 INFO  utilities.Util -List is not empty
09:10:42.029 INFO  base.CustomDriver -Clicked On :: User Account Icon
09:10:42.032 INFO  base.CustomDriver -Waiting for max:: 10 seconds for element to be available
09:10:52.335 ERROR base.CustomDriver -Element not appeared on the web page
09:10:52.346 ERROR base.CustomDriver -Cannot click on :: Logout Link
09:10:52.440 INFO  base.TestListeners -onFinish -> Test Tag Name: Application Test
09:19:11.431 INFO  utilities.Util -Current Date and Time :: 06_05_2020 09_19_11
09:19:11.436 INFO  utilities.ExtentManager -*********** Report Path ***********
09:19:11.436 INFO  utilities.ExtentManager -/Users/anupamadhir/workspace/orangehrm/reports/AutomationReport_06_05_2020 09_19_11.html
09:19:11.436 INFO  utilities.ExtentManager -*********** Report Path ***********
09:19:11.724 INFO  base.TestListeners -onStart -> Test Tag Name: Application Test
09:19:11.724 INFO  base.TestListeners -These methods will be executed in this <test> tag
09:19:11.724 INFO  base.TestListeners -testAddLeave
09:19:11.725 INFO  base.TestListeners -testLogin
09:19:11.744 INFO  base.WebDriverFactory -OS Name from system property :: mac
09:19:11.744 INFO  base.WebDriverFactory -Driver Binary :: /Users/anupamadhir/workspace/orangehrm//drivers//chromedriver
09:19:16.409 INFO  base.CheckPoint -Clearing Results Hash Map
09:19:16.530 INFO  base.CustomDriver -Send Keys on element :: Email Field with data :: Admin
09:19:16.614 INFO  base.CustomDriver -Send Keys on element :: Password Field with data :: admin123
09:19:21.651 INFO  base.CustomDriver -Clicked On :: Login Button
09:19:21.674 INFO  utilities.Util -Actual Text From Web Application UI   --> : Leave
09:19:21.674 INFO  utilities.Util -Expected Text From Web Application UI --> : Leave
09:19:21.674 INFO  utilities.Util -### Verification Contains !!!
09:19:21.674 INFO  base.CheckPoint -test-01.header verification :-> PASS
09:19:21.690 INFO  base.CustomDriver -Element List found with: xpath=>//a[contains(text(), 'Welcome')]
09:19:21.690 INFO  utilities.Util -Size of list :: 1
09:19:21.690 INFO  utilities.Util -List is not empty
09:19:21.690 INFO  base.CheckPoint -test-01.login verification :-> PASS
09:19:21.691 INFO  base.CheckPoint -Test Method Successful
09:19:21.692 INFO  base.CheckPoint -Test Method Successful
09:19:21.692 INFO  base.TestListeners -onTestSuccess -> Test Method Name: testLogin
09:19:21.707 INFO  base.CustomDriver -Element List found with: xpath=>//a[contains(text(), 'Welcome')]
09:19:21.707 INFO  utilities.Util -Size of list :: 1
09:19:21.707 INFO  utilities.Util -List is not empty
09:19:21.771 INFO  base.CustomDriver -Clicked On :: User Account Icon
09:19:21.774 INFO  base.CustomDriver -Waiting for max:: 10 seconds for element to be available
09:19:32.103 ERROR base.CustomDriver -Element not appeared on the web page
09:19:32.114 ERROR base.CustomDriver -Cannot click on :: Logout Link
09:19:32.115 INFO  base.CheckPoint -Clearing Results Hash Map
09:19:34.311 INFO  base.CustomDriver -Clicked On :: Leave Link
09:19:35.269 INFO  base.CustomDriver -Clicked On :: Add Entitlements Link
09:19:35.394 INFO  base.CustomDriver -Send Keys on element :: Employee Field with data :: Russel Hamilton
09:19:35.446 INFO  base.CustomDriver -Selected option : FMLA US
09:19:35.523 INFO  base.CustomDriver -Selected option : 2021-01-01 - 2021-12-31
09:19:35.599 INFO  base.CustomDriver -Send Keys on element :: Entitlement Field with data :: 20
09:19:35.668 INFO  base.CustomDriver -Clicked On :: Save Button
09:19:35.679 INFO  base.CustomDriver -Element List found with: id=>employeeEntitlement
09:19:35.679 INFO  base.CustomDriver -Element Add Entitlement Popup Present with locator id=>employeeEntitlement
09:19:38.759 ERROR base.CustomDriver -Cannot click on :: Popup Confirm Button
09:19:38.760 INFO  utilities.Util -Current Date and Time :: 06_05_2020 09_19_38
09:19:39.098 INFO  base.CustomDriver -Screen Shot Was Stored at: /Users/anupamadhir/workspace/orangehrm/screenshots/_Click ERROR_06_05_2020 09_19_38.png
09:19:39.098 INFO  base.TestListeners -onTestSuccess -> Test Method Name: testAddLeave
09:19:39.109 INFO  base.CustomDriver -Element List found with: xpath=>//a[contains(text(), 'Welcome')]
09:19:39.109 INFO  utilities.Util -Size of list :: 1
09:19:39.109 INFO  utilities.Util -List is not empty
09:19:39.173 INFO  base.CustomDriver -Clicked On :: User Account Icon
09:19:39.176 INFO  base.CustomDriver -Waiting for max:: 10 seconds for element to be available
09:19:49.454 ERROR base.CustomDriver -Element not appeared on the web page
09:19:49.465 ERROR base.CustomDriver -Cannot click on :: Logout Link
09:19:49.559 INFO  base.TestListeners -onFinish -> Test Tag Name: Application Test
09:24:56.344 INFO  utilities.Util -Current Date and Time :: 06_05_2020 09_24_56
09:24:56.350 INFO  utilities.ExtentManager -*********** Report Path ***********
09:24:56.350 INFO  utilities.ExtentManager -/Users/anupamadhir/workspace/orangehrm/reports/AutomationReport_06_05_2020 09_24_56.html
09:24:56.350 INFO  utilities.ExtentManager -*********** Report Path ***********
09:24:56.598 INFO  base.TestListeners -onStart -> Test Tag Name: Application Test
09:24:56.598 INFO  base.TestListeners -These methods will be executed in this <test> tag
09:24:56.598 INFO  base.TestListeners -testAddLeave
09:24:56.598 INFO  base.TestListeners -testLogin
09:24:56.624 INFO  base.WebDriverFactory -OS Name from system property :: mac
09:24:56.624 INFO  base.WebDriverFactory -Driver Binary :: /Users/anupamadhir/workspace/orangehrm//drivers//chromedriver
09:25:01.813 INFO  base.CheckPoint -Clearing Results Hash Map
09:25:01.950 INFO  base.CustomDriver -Send Keys on element :: Email Field with data :: Admin
09:25:02.032 INFO  base.CustomDriver -Send Keys on element :: Password Field with data :: admin123
09:25:08.486 INFO  base.CustomDriver -Clicked On :: Login Button
09:25:08.509 INFO  utilities.Util -Actual Text From Web Application UI   --> : Leave
09:25:08.509 INFO  utilities.Util -Expected Text From Web Application UI --> : Leave
09:25:08.509 INFO  utilities.Util -### Verification Contains !!!
09:25:08.509 INFO  base.CheckPoint -test-01.header verification :-> PASS
09:25:08.525 INFO  base.CustomDriver -Element List found with: xpath=>//a[contains(text(), 'Welcome')]
09:25:08.525 INFO  utilities.Util -Size of list :: 1
09:25:08.525 INFO  utilities.Util -List is not empty
09:25:08.525 INFO  base.CheckPoint -test-01.login verification :-> PASS
09:25:08.525 INFO  base.CheckPoint -Test Method Successful
09:25:08.527 INFO  base.CheckPoint -Test Method Successful
09:25:08.528 INFO  base.TestListeners -onTestSuccess -> Test Method Name: testLogin
09:25:08.542 INFO  base.CustomDriver -Element List found with: xpath=>//a[contains(text(), 'Welcome')]
09:25:08.543 INFO  utilities.Util -Size of list :: 1
09:25:08.543 INFO  utilities.Util -List is not empty
09:25:08.599 INFO  base.CustomDriver -Clicked On :: User Account Icon
09:25:08.607 INFO  base.CustomDriver -Waiting for max:: 10 seconds for element to be available
09:25:18.928 ERROR base.CustomDriver -Element not appeared on the web page
09:25:18.941 ERROR base.CustomDriver -Cannot click on :: Logout Link
09:25:18.943 INFO  base.CheckPoint -Clearing Results Hash Map
09:25:20.846 INFO  base.CustomDriver -Clicked On :: Leave Link
09:25:21.796 INFO  base.CustomDriver -Clicked On :: Add Entitlements Link
09:25:22.030 INFO  base.CustomDriver -Send Keys on element :: Employee Field with data :: 'Russel Hamilton' +  Keys.ARROW_DOWN + Keys.ENTER
09:25:22.087 INFO  base.CustomDriver -Selected option : FMLA US
09:25:22.158 INFO  base.CustomDriver -Selected option : 2021-01-01 - 2021-12-31
09:25:22.233 INFO  base.CustomDriver -Send Keys on element :: Entitlement Field with data :: 20
09:25:22.301 INFO  base.CustomDriver -Clicked On :: Save Button
09:25:22.312 INFO  base.CustomDriver -Element List found with: id=>employeeEntitlement
09:25:22.312 INFO  base.CustomDriver -Element Add Entitlement Popup Present with locator id=>employeeEntitlement
09:25:25.339 ERROR base.CustomDriver -Cannot click on :: Popup Confirm Button
09:25:25.340 INFO  utilities.Util -Current Date and Time :: 06_05_2020 09_25_25
09:25:25.678 INFO  base.CustomDriver -Screen Shot Was Stored at: /Users/anupamadhir/workspace/orangehrm/screenshots/_Click ERROR_06_05_2020 09_25_25.png
09:25:25.678 INFO  base.TestListeners -onTestSuccess -> Test Method Name: testAddLeave
09:25:25.689 INFO  base.CustomDriver -Element List found with: xpath=>//a[contains(text(), 'Welcome')]
09:25:25.689 INFO  utilities.Util -Size of list :: 1
09:25:25.689 INFO  utilities.Util -List is not empty
09:25:25.751 INFO  base.CustomDriver -Clicked On :: User Account Icon
09:25:25.754 INFO  base.CustomDriver -Waiting for max:: 10 seconds for element to be available
09:25:36.057 ERROR base.CustomDriver -Element not appeared on the web page
09:25:36.067 ERROR base.CustomDriver -Cannot click on :: Logout Link
09:25:36.161 INFO  base.TestListeners -onFinish -> Test Tag Name: Application Test
09:26:55.708 INFO  utilities.Util -Current Date and Time :: 06_05_2020 09_26_55
09:26:55.716 INFO  utilities.ExtentManager -*********** Report Path ***********
09:26:55.716 INFO  utilities.ExtentManager -/Users/anupamadhir/workspace/orangehrm/reports/AutomationReport_06_05_2020 09_26_55.html
09:26:55.716 INFO  utilities.ExtentManager -*********** Report Path ***********
09:26:56.018 INFO  base.TestListeners -onStart -> Test Tag Name: Application Test
09:26:56.018 INFO  base.TestListeners -These methods will be executed in this <test> tag
09:26:56.019 INFO  base.TestListeners -testAddLeave
09:26:56.019 INFO  base.TestListeners -testLogin
09:26:56.038 INFO  base.WebDriverFactory -OS Name from system property :: mac
09:26:56.038 INFO  base.WebDriverFactory -Driver Binary :: /Users/anupamadhir/workspace/orangehrm//drivers//chromedriver
09:27:00.889 INFO  base.CheckPoint -Clearing Results Hash Map
09:27:01.041 INFO  base.CustomDriver -Send Keys on element :: Email Field with data :: Admin
09:27:01.124 INFO  base.CustomDriver -Send Keys on element :: Password Field with data :: admin123
09:27:06.144 INFO  base.CustomDriver -Clicked On :: Login Button
09:27:06.168 INFO  utilities.Util -Actual Text From Web Application UI   --> : Leave
09:27:06.168 INFO  utilities.Util -Expected Text From Web Application UI --> : Leave
09:27:06.168 INFO  utilities.Util -### Verification Contains !!!
09:27:06.168 INFO  base.CheckPoint -test-01.header verification :-> PASS
09:27:06.183 INFO  base.CustomDriver -Element List found with: xpath=>//a[contains(text(), 'Welcome')]
09:27:06.183 INFO  utilities.Util -Size of list :: 1
09:27:06.183 INFO  utilities.Util -List is not empty
09:27:06.183 INFO  base.CheckPoint -test-01.login verification :-> PASS
09:27:06.184 INFO  base.CheckPoint -Test Method Successful
09:27:06.185 INFO  base.CheckPoint -Test Method Successful
09:27:06.185 INFO  base.TestListeners -onTestSuccess -> Test Method Name: testLogin
09:27:06.202 INFO  base.CustomDriver -Element List found with: xpath=>//a[contains(text(), 'Welcome')]
09:27:06.202 INFO  utilities.Util -Size of list :: 1
09:27:06.202 INFO  utilities.Util -List is not empty
09:27:06.263 INFO  base.CustomDriver -Clicked On :: User Account Icon
09:27:06.267 INFO  base.CustomDriver -Waiting for max:: 10 seconds for element to be available
09:27:16.587 ERROR base.CustomDriver -Element not appeared on the web page
09:27:16.599 ERROR base.CustomDriver -Cannot click on :: Logout Link
09:27:16.600 INFO  base.CheckPoint -Clearing Results Hash Map
09:27:18.911 INFO  base.CustomDriver -Clicked On :: Leave Link
09:27:19.868 INFO  base.CustomDriver -Clicked On :: Add Entitlements Link
09:27:20.066 INFO  base.CustomDriver -Send Keys on element :: Employee Field with data :: 'Russel' +  Keys.ARROW_DOWN + Keys.ENTER
09:27:20.117 INFO  base.CustomDriver -Selected option : FMLA US
09:27:20.185 INFO  base.CustomDriver -Selected option : 2021-01-01 - 2021-12-31
09:27:20.259 INFO  base.CustomDriver -Send Keys on element :: Entitlement Field with data :: 20
09:27:20.324 INFO  base.CustomDriver -Clicked On :: Save Button
09:27:20.335 INFO  base.CustomDriver -Element List found with: id=>employeeEntitlement
09:27:20.335 INFO  base.CustomDriver -Element Add Entitlement Popup Present with locator id=>employeeEntitlement
09:27:23.361 ERROR base.CustomDriver -Cannot click on :: Popup Confirm Button
09:27:23.362 INFO  utilities.Util -Current Date and Time :: 06_05_2020 09_27_23
09:27:23.704 INFO  base.CustomDriver -Screen Shot Was Stored at: /Users/anupamadhir/workspace/orangehrm/screenshots/_Click ERROR_06_05_2020 09_27_23.png
09:27:23.704 INFO  base.TestListeners -onTestSuccess -> Test Method Name: testAddLeave
09:27:23.715 INFO  base.CustomDriver -Element List found with: xpath=>//a[contains(text(), 'Welcome')]
09:27:23.715 INFO  utilities.Util -Size of list :: 1
09:27:23.715 INFO  utilities.Util -List is not empty
09:27:23.776 INFO  base.CustomDriver -Clicked On :: User Account Icon
09:27:23.779 INFO  base.CustomDriver -Waiting for max:: 10 seconds for element to be available
09:27:34.054 ERROR base.CustomDriver -Element not appeared on the web page
09:27:34.064 ERROR base.CustomDriver -Cannot click on :: Logout Link
09:27:34.160 INFO  base.TestListeners -onFinish -> Test Tag Name: Application Test
09:33:19.924 INFO  utilities.Util -Current Date and Time :: 06_05_2020 09_33_19
09:33:19.929 INFO  utilities.ExtentManager -*********** Report Path ***********
09:33:19.929 INFO  utilities.ExtentManager -/Users/anupamadhir/workspace/orangehrm/reports/AutomationReport_06_05_2020 09_33_19.html
09:33:19.929 INFO  utilities.ExtentManager -*********** Report Path ***********
09:33:20.143 INFO  base.TestListeners -onStart -> Test Tag Name: Application Test
09:33:20.143 INFO  base.TestListeners -These methods will be executed in this <test> tag
09:33:20.145 INFO  base.TestListeners -testAddLeave
09:33:20.145 INFO  base.TestListeners -testLogin
09:33:20.170 INFO  base.WebDriverFactory -OS Name from system property :: mac
09:33:20.171 INFO  base.WebDriverFactory -Driver Binary :: /Users/anupamadhir/workspace/orangehrm//drivers//chromedriver
09:33:25.624 INFO  base.CheckPoint -Clearing Results Hash Map
09:33:25.749 INFO  base.CustomDriver -Send Keys on element :: Email Field with data :: Admin
09:33:25.840 INFO  base.CustomDriver -Send Keys on element :: Password Field with data :: admin123
09:33:30.767 INFO  base.CustomDriver -Clicked On :: Login Button
09:33:30.790 INFO  utilities.Util -Actual Text From Web Application UI   --> : Leave
09:33:30.790 INFO  utilities.Util -Expected Text From Web Application UI --> : Leave
09:33:30.790 INFO  utilities.Util -### Verification Contains !!!
09:33:30.790 INFO  base.CheckPoint -test-01.header verification :-> PASS
09:33:30.805 INFO  base.CustomDriver -Element List found with: xpath=>//a[contains(text(), 'Welcome')]
09:33:30.805 INFO  utilities.Util -Size of list :: 1
09:33:30.805 INFO  utilities.Util -List is not empty
09:33:30.805 INFO  base.CheckPoint -test-01.login verification :-> PASS
09:33:30.805 INFO  base.CheckPoint -Test Method Successful
09:33:30.807 INFO  base.CheckPoint -Test Method Successful
09:33:30.807 INFO  base.TestListeners -onTestSuccess -> Test Method Name: testLogin
09:33:30.822 INFO  base.CustomDriver -Element List found with: xpath=>//a[contains(text(), 'Welcome')]
09:33:30.822 INFO  utilities.Util -Size of list :: 1
09:33:30.822 INFO  utilities.Util -List is not empty
09:33:30.880 INFO  base.CustomDriver -Clicked On :: User Account Icon
09:33:30.884 INFO  base.CustomDriver -Waiting for max:: 10 seconds for element to be available
09:33:41.223 ERROR base.CustomDriver -Element not appeared on the web page
09:33:41.234 ERROR base.CustomDriver -Cannot click on :: Logout Link
09:33:41.235 INFO  base.CheckPoint -Clearing Results Hash Map
09:33:43.330 INFO  base.CustomDriver -Clicked On :: Leave Link
09:33:44.282 INFO  base.CustomDriver -Clicked On :: Add Entitlements Link
09:33:44.384 INFO  base.CustomDriver -Send Keys on element :: Employee Field with data :: Russel
09:33:44.465 INFO  base.CustomDriver -Selected option : FMLA US
09:33:44.537 INFO  base.CustomDriver -Selected option : 2021-01-01 - 2021-12-31
09:33:44.612 INFO  base.CustomDriver -Send Keys on element :: Entitlement Field with data :: 20
09:33:44.670 INFO  base.CustomDriver -Clicked On :: Save Button
09:33:44.682 INFO  base.CustomDriver -Element List found with: id=>employeeEntitlement
09:33:44.683 INFO  base.CustomDriver -Element Add Entitlement Popup Present with locator id=>employeeEntitlement
09:33:47.716 ERROR base.CustomDriver -Cannot click on :: Popup Confirm Button
09:33:47.716 INFO  utilities.Util -Current Date and Time :: 06_05_2020 09_33_47
09:33:48.046 INFO  base.CustomDriver -Screen Shot Was Stored at: /Users/anupamadhir/workspace/orangehrm/screenshots/_Click ERROR_06_05_2020 09_33_47.png
09:33:48.046 INFO  base.TestListeners -onTestSuccess -> Test Method Name: testAddLeave
09:33:48.058 INFO  base.CustomDriver -Element List found with: xpath=>//a[contains(text(), 'Welcome')]
09:33:48.059 INFO  utilities.Util -Size of list :: 1
09:33:48.059 INFO  utilities.Util -List is not empty
09:33:48.105 INFO  base.CustomDriver -Clicked On :: User Account Icon
09:33:48.108 INFO  base.CustomDriver -Waiting for max:: 10 seconds for element to be available
09:33:58.406 ERROR base.CustomDriver -Element not appeared on the web page
09:33:58.419 ERROR base.CustomDriver -Cannot click on :: Logout Link
09:33:58.513 INFO  base.TestListeners -onFinish -> Test Tag Name: Application Test
09:34:58.905 INFO  utilities.Util -Current Date and Time :: 06_05_2020 09_34_58
09:34:58.910 INFO  utilities.ExtentManager -*********** Report Path ***********
09:34:58.910 INFO  utilities.ExtentManager -/Users/anupamadhir/workspace/orangehrm/reports/AutomationReport_06_05_2020 09_34_58.html
09:34:58.910 INFO  utilities.ExtentManager -*********** Report Path ***********
09:34:59.133 INFO  base.TestListeners -onStart -> Test Tag Name: Application Test
09:34:59.133 INFO  base.TestListeners -These methods will be executed in this <test> tag
09:34:59.133 INFO  base.TestListeners -testAddLeave
09:34:59.133 INFO  base.TestListeners -testLogin
09:34:59.158 INFO  base.WebDriverFactory -OS Name from system property :: mac
09:34:59.158 INFO  base.WebDriverFactory -Driver Binary :: /Users/anupamadhir/workspace/orangehrm//drivers//chromedriver
09:35:03.673 INFO  base.CheckPoint -Clearing Results Hash Map
09:35:03.794 INFO  base.CustomDriver -Send Keys on element :: Email Field with data :: Admin
09:35:03.876 INFO  base.CustomDriver -Send Keys on element :: Password Field with data :: admin123
09:35:08.460 INFO  base.CustomDriver -Clicked On :: Login Button
09:35:08.485 INFO  utilities.Util -Actual Text From Web Application UI   --> : Leave
09:35:08.485 INFO  utilities.Util -Expected Text From Web Application UI --> : Leave
09:35:08.485 INFO  utilities.Util -### Verification Contains !!!
09:35:08.485 INFO  base.CheckPoint -test-01.header verification :-> PASS
09:35:08.500 INFO  base.CustomDriver -Element List found with: xpath=>//a[contains(text(), 'Welcome')]
09:35:08.500 INFO  utilities.Util -Size of list :: 1
09:35:08.500 INFO  utilities.Util -List is not empty
09:35:08.500 INFO  base.CheckPoint -test-01.login verification :-> PASS
09:35:08.500 INFO  base.CheckPoint -Test Method Successful
09:35:08.501 INFO  base.CheckPoint -Test Method Successful
09:35:08.502 INFO  base.TestListeners -onTestSuccess -> Test Method Name: testLogin
09:35:08.517 INFO  base.CustomDriver -Element List found with: xpath=>//a[contains(text(), 'Welcome')]
09:35:08.517 INFO  utilities.Util -Size of list :: 1
09:35:08.517 INFO  utilities.Util -List is not empty
09:35:08.586 INFO  base.CustomDriver -Clicked On :: User Account Icon
09:35:08.590 INFO  base.CustomDriver -Waiting for max:: 10 seconds for element to be available
09:35:18.913 ERROR base.CustomDriver -Element not appeared on the web page
09:35:18.925 ERROR base.CustomDriver -Cannot click on :: Logout Link
09:35:18.926 INFO  base.CheckPoint -Clearing Results Hash Map
09:35:21.023 INFO  base.CustomDriver -Clicked On :: Leave Link
09:35:21.976 INFO  base.CustomDriver -Clicked On :: Add Entitlements Link
09:35:22.130 INFO  base.CustomDriver -Selected option : FMLA US
09:35:22.206 INFO  base.CustomDriver -Selected option : 2021-01-01 - 2021-12-31
09:35:22.282 INFO  base.CustomDriver -Send Keys on element :: Entitlement Field with data :: 20
09:35:22.347 INFO  base.CustomDriver -Clicked On :: Save Button
09:35:22.357 INFO  base.CustomDriver -Element List found with: id=>employeeEntitlement
09:35:22.357 INFO  base.CustomDriver -Element Add Entitlement Popup Present with locator id=>employeeEntitlement
09:35:25.384 ERROR base.CustomDriver -Cannot click on :: Popup Confirm Button
09:35:25.385 INFO  utilities.Util -Current Date and Time :: 06_05_2020 09_35_25
09:35:25.718 INFO  base.CustomDriver -Screen Shot Was Stored at: /Users/anupamadhir/workspace/orangehrm/screenshots/_Click ERROR_06_05_2020 09_35_25.png
09:35:25.718 INFO  base.TestListeners -onTestSuccess -> Test Method Name: testAddLeave
09:35:25.730 INFO  base.CustomDriver -Element List found with: xpath=>//a[contains(text(), 'Welcome')]
09:35:25.730 INFO  utilities.Util -Size of list :: 1
09:35:25.730 INFO  utilities.Util -List is not empty
09:35:25.783 INFO  base.CustomDriver -Clicked On :: User Account Icon
09:35:25.786 INFO  base.CustomDriver -Waiting for max:: 10 seconds for element to be available
09:35:36.087 ERROR base.CustomDriver -Element not appeared on the web page
09:35:36.097 ERROR base.CustomDriver -Cannot click on :: Logout Link
09:35:36.191 INFO  base.TestListeners -onFinish -> Test Tag Name: Application Test
09:36:35.801 INFO  utilities.Util -Current Date and Time :: 06_05_2020 09_36_35
09:36:35.807 INFO  utilities.ExtentManager -*********** Report Path ***********
09:36:35.807 INFO  utilities.ExtentManager -/Users/anupamadhir/workspace/orangehrm/reports/AutomationReport_06_05_2020 09_36_35.html
09:36:35.807 INFO  utilities.ExtentManager -*********** Report Path ***********
09:36:36.053 INFO  base.TestListeners -onStart -> Test Tag Name: Application Test
09:36:36.055 INFO  base.TestListeners -These methods will be executed in this <test> tag
09:36:36.056 INFO  base.TestListeners -testAddLeave
09:36:36.056 INFO  base.TestListeners -testLogin
09:36:36.080 INFO  base.WebDriverFactory -OS Name from system property :: mac
09:36:36.081 INFO  base.WebDriverFactory -Driver Binary :: /Users/anupamadhir/workspace/orangehrm//drivers//chromedriver
09:36:40.799 INFO  base.CheckPoint -Clearing Results Hash Map
09:36:40.922 INFO  base.CustomDriver -Send Keys on element :: Email Field with data :: Admin
09:36:41.004 INFO  base.CustomDriver -Send Keys on element :: Password Field with data :: admin123
09:36:44.786 INFO  base.CustomDriver -Clicked On :: Login Button
09:36:44.814 INFO  utilities.Util -Actual Text From Web Application UI   --> : Leave
09:36:44.814 INFO  utilities.Util -Expected Text From Web Application UI --> : Leave
09:36:44.814 INFO  utilities.Util -### Verification Contains !!!
09:36:44.814 INFO  base.CheckPoint -test-01.header verification :-> PASS
09:36:44.830 INFO  base.CustomDriver -Element List found with: xpath=>//a[contains(text(), 'Welcome')]
09:36:44.830 INFO  utilities.Util -Size of list :: 1
09:36:44.830 INFO  utilities.Util -List is not empty
09:36:44.830 INFO  base.CheckPoint -test-01.login verification :-> PASS
09:36:44.830 INFO  base.CheckPoint -Test Method Successful
09:36:44.832 INFO  base.CheckPoint -Test Method Successful
09:36:44.832 INFO  base.TestListeners -onTestSuccess -> Test Method Name: testLogin
09:36:44.846 INFO  base.CustomDriver -Element List found with: xpath=>//a[contains(text(), 'Welcome')]
09:36:44.846 INFO  utilities.Util -Size of list :: 1
09:36:44.846 INFO  utilities.Util -List is not empty
09:36:46.233 INFO  base.CustomDriver -Clicked On :: User Account Icon
09:36:46.237 INFO  base.CustomDriver -Waiting for max:: 10 seconds for element to be available
09:36:56.562 ERROR base.CustomDriver -Element not appeared on the web page
09:36:56.574 ERROR base.CustomDriver -Cannot click on :: Logout Link
09:36:56.576 INFO  base.CheckPoint -Clearing Results Hash Map
09:36:58.613 INFO  base.CustomDriver -Clicked On :: Leave Link
09:36:59.562 INFO  base.CustomDriver -Clicked On :: Add Entitlements Link
09:37:01.729 INFO  base.CustomDriver -Selected option : FMLA US
09:37:01.797 INFO  base.CustomDriver -Selected option : 2021-01-01 - 2021-12-31
09:37:01.870 INFO  base.CustomDriver -Send Keys on element :: Entitlement Field with data :: 20
09:37:01.940 INFO  base.CustomDriver -Clicked On :: Save Button
09:37:01.950 INFO  base.CustomDriver -Element List found with: id=>employeeEntitlement
09:37:01.951 INFO  base.CustomDriver -Element Add Entitlement Popup Present with locator id=>employeeEntitlement
09:37:04.977 ERROR base.CustomDriver -Cannot click on :: Popup Confirm Button
09:37:04.977 INFO  utilities.Util -Current Date and Time :: 06_05_2020 09_37_04
09:37:05.310 INFO  base.CustomDriver -Screen Shot Was Stored at: /Users/anupamadhir/workspace/orangehrm/screenshots/_Click ERROR_06_05_2020 09_37_04.png
09:37:05.310 INFO  base.TestListeners -onTestSuccess -> Test Method Name: testAddLeave
09:37:05.323 INFO  base.CustomDriver -Element List found with: xpath=>//a[contains(text(), 'Welcome')]
09:37:05.323 INFO  utilities.Util -Size of list :: 1
09:37:05.323 INFO  utilities.Util -List is not empty
09:37:05.376 INFO  base.CustomDriver -Clicked On :: User Account Icon
09:37:05.379 INFO  base.CustomDriver -Waiting for max:: 10 seconds for element to be available
09:37:15.665 ERROR base.CustomDriver -Element not appeared on the web page
09:37:15.676 ERROR base.CustomDriver -Cannot click on :: Logout Link
09:37:15.770 INFO  base.TestListeners -onFinish -> Test Tag Name: Application Test
09:38:45.236 INFO  utilities.Util -Current Date and Time :: 06_05_2020 09_38_45
09:38:45.240 INFO  utilities.ExtentManager -*********** Report Path ***********
09:38:45.240 INFO  utilities.ExtentManager -/Users/anupamadhir/workspace/orangehrm/reports/AutomationReport_06_05_2020 09_38_45.html
09:38:45.240 INFO  utilities.ExtentManager -*********** Report Path ***********
09:38:45.465 INFO  base.TestListeners -onStart -> Test Tag Name: Application Test
09:38:45.469 INFO  base.TestListeners -These methods will be executed in this <test> tag
09:38:45.469 INFO  base.TestListeners -testAddLeave
09:38:45.469 INFO  base.TestListeners -testLogin
09:38:45.494 INFO  base.WebDriverFactory -OS Name from system property :: mac
09:38:45.503 INFO  base.WebDriverFactory -Driver Binary :: /Users/anupamadhir/workspace/orangehrm//drivers//chromedriver
09:38:50.441 INFO  base.CheckPoint -Clearing Results Hash Map
09:38:50.564 INFO  base.CustomDriver -Send Keys on element :: Email Field with data :: Admin
09:38:50.647 INFO  base.CustomDriver -Send Keys on element :: Password Field with data :: admin123
09:38:55.961 INFO  base.CustomDriver -Clicked On :: Login Button
09:38:56.015 INFO  utilities.Util -Actual Text From Web Application UI   --> : Leave
09:38:56.015 INFO  utilities.Util -Expected Text From Web Application UI --> : Leave
09:38:56.015 INFO  utilities.Util -### Verification Contains !!!
09:38:56.015 INFO  base.CheckPoint -test-01.header verification :-> PASS
09:38:56.030 INFO  base.CustomDriver -Element List found with: xpath=>//a[contains(text(), 'Welcome')]
09:38:56.030 INFO  utilities.Util -Size of list :: 1
09:38:56.030 INFO  utilities.Util -List is not empty
09:38:56.030 INFO  base.CheckPoint -test-01.login verification :-> PASS
09:38:56.030 INFO  base.CheckPoint -Test Method Successful
09:38:56.031 INFO  base.CheckPoint -Test Method Successful
09:38:56.032 INFO  base.TestListeners -onTestSuccess -> Test Method Name: testLogin
09:38:56.046 INFO  base.CustomDriver -Element List found with: xpath=>//a[contains(text(), 'Welcome')]
09:38:56.046 INFO  utilities.Util -Size of list :: 1
09:38:56.046 INFO  utilities.Util -List is not empty
09:38:56.099 INFO  base.CustomDriver -Clicked On :: User Account Icon
09:38:56.102 INFO  base.CustomDriver -Waiting for max:: 10 seconds for element to be available
09:39:06.439 ERROR base.CustomDriver -Element not appeared on the web page
09:39:06.452 ERROR base.CustomDriver -Cannot click on :: Logout Link
09:39:06.453 INFO  base.CheckPoint -Clearing Results Hash Map
09:39:08.660 INFO  base.CustomDriver -Clicked On :: Leave Link
09:39:09.509 INFO  base.CustomDriver -Clicked On :: Add Entitlements Link
09:39:11.694 INFO  base.CustomDriver -Selected option : FMLA US
09:39:11.759 INFO  base.CustomDriver -Selected option : 2021-01-01 - 2021-12-31
09:39:11.833 INFO  base.CustomDriver -Send Keys on element :: Entitlement Field with data :: 20
09:39:11.894 INFO  base.CustomDriver -Clicked On :: Save Button
09:39:11.904 INFO  base.CustomDriver -Element List found with: id=>employeeEntitlement
09:39:11.904 INFO  base.CustomDriver -Element Add Entitlement Popup Present with locator id=>employeeEntitlement
09:39:14.928 ERROR base.CustomDriver -Cannot click on :: Popup Confirm Button
09:39:14.929 INFO  utilities.Util -Current Date and Time :: 06_05_2020 09_39_14
09:39:15.265 INFO  base.CustomDriver -Screen Shot Was Stored at: /Users/anupamadhir/workspace/orangehrm/screenshots/_Click ERROR_06_05_2020 09_39_14.png
09:39:15.265 INFO  base.TestListeners -onTestSuccess -> Test Method Name: testAddLeave
09:39:15.278 INFO  base.CustomDriver -Element List found with: xpath=>//a[contains(text(), 'Welcome')]
09:39:15.278 INFO  utilities.Util -Size of list :: 1
09:39:15.278 INFO  utilities.Util -List is not empty
09:39:15.334 INFO  base.CustomDriver -Clicked On :: User Account Icon
09:39:15.336 INFO  base.CustomDriver -Waiting for max:: 10 seconds for element to be available
09:39:25.627 ERROR base.CustomDriver -Element not appeared on the web page
09:39:25.638 ERROR base.CustomDriver -Cannot click on :: Logout Link
09:39:25.735 INFO  base.TestListeners -onFinish -> Test Tag Name: Application Test
09:39:45.235 INFO  utilities.Util -Current Date and Time :: 06_05_2020 09_39_45
09:39:45.242 INFO  utilities.ExtentManager -*********** Report Path ***********
09:39:45.242 INFO  utilities.ExtentManager -/Users/anupamadhir/workspace/orangehrm/reports/AutomationReport_06_05_2020 09_39_45.html
09:39:45.242 INFO  utilities.ExtentManager -*********** Report Path ***********
09:39:45.451 INFO  base.TestListeners -onStart -> Test Tag Name: Application Test
09:39:45.451 INFO  base.TestListeners -These methods will be executed in this <test> tag
09:39:45.454 INFO  base.TestListeners -testAddLeave
09:39:45.454 INFO  base.TestListeners -testLogin
09:39:45.475 INFO  base.WebDriverFactory -OS Name from system property :: mac
09:39:45.475 INFO  base.WebDriverFactory -Driver Binary :: /Users/anupamadhir/workspace/orangehrm//drivers//chromedriver
09:39:49.984 INFO  base.CheckPoint -Clearing Results Hash Map
09:39:50.110 INFO  base.CustomDriver -Send Keys on element :: Email Field with data :: Admin
09:39:50.190 INFO  base.CustomDriver -Send Keys on element :: Password Field with data :: admin123
09:39:53.921 INFO  base.CustomDriver -Clicked On :: Login Button
09:39:53.946 INFO  utilities.Util -Actual Text From Web Application UI   --> : Leave
09:39:53.946 INFO  utilities.Util -Expected Text From Web Application UI --> : Leave
09:39:53.946 INFO  utilities.Util -### Verification Contains !!!
09:39:53.946 INFO  base.CheckPoint -test-01.header verification :-> PASS
09:39:53.962 INFO  base.CustomDriver -Element List found with: xpath=>//a[contains(text(), 'Welcome')]
09:39:53.963 INFO  utilities.Util -Size of list :: 1
09:39:53.963 INFO  utilities.Util -List is not empty
09:39:53.963 INFO  base.CheckPoint -test-01.login verification :-> PASS
09:39:53.963 INFO  base.CheckPoint -Test Method Successful
09:39:53.964 INFO  base.CheckPoint -Test Method Successful
09:39:53.965 INFO  base.TestListeners -onTestSuccess -> Test Method Name: testLogin
09:39:55.185 INFO  base.CustomDriver -Element List found with: xpath=>//a[contains(text(), 'Welcome')]
09:39:55.185 INFO  utilities.Util -Size of list :: 1
09:39:55.185 INFO  utilities.Util -List is not empty
09:39:55.258 INFO  base.CustomDriver -Clicked On :: User Account Icon
09:39:55.261 INFO  base.CustomDriver -Waiting for max:: 10 seconds for element to be available
09:40:05.592 ERROR base.CustomDriver -Element not appeared on the web page
09:40:05.603 ERROR base.CustomDriver -Cannot click on :: Logout Link
09:40:05.605 INFO  base.CheckPoint -Clearing Results Hash Map
09:40:07.547 INFO  base.CustomDriver -Clicked On :: Leave Link
09:40:08.492 INFO  base.CustomDriver -Clicked On :: Add Entitlements Link
09:40:08.674 INFO  base.CustomDriver -Selected option : FMLA US
09:40:08.742 INFO  base.CustomDriver -Selected option : 2021-01-01 - 2021-12-31
09:40:08.820 INFO  base.CustomDriver -Send Keys on element :: Entitlement Field with data :: 20
09:40:08.889 INFO  base.CustomDriver -Clicked On :: Save Button
09:40:08.900 INFO  base.CustomDriver -Element List found with: id=>employeeEntitlement
09:40:08.900 INFO  base.CustomDriver -Element Add Entitlement Popup Present with locator id=>employeeEntitlement
09:40:11.924 ERROR base.CustomDriver -Cannot click on :: Popup Confirm Button
09:40:11.925 INFO  utilities.Util -Current Date and Time :: 06_05_2020 09_40_11
09:40:12.259 INFO  base.CustomDriver -Screen Shot Was Stored at: /Users/anupamadhir/workspace/orangehrm/screenshots/_Click ERROR_06_05_2020 09_40_11.png
09:40:12.259 INFO  base.TestListeners -onTestSuccess -> Test Method Name: testAddLeave
09:40:12.271 INFO  base.CustomDriver -Element List found with: xpath=>//a[contains(text(), 'Welcome')]
09:40:12.271 INFO  utilities.Util -Size of list :: 1
09:40:12.271 INFO  utilities.Util -List is not empty
09:40:12.325 INFO  base.CustomDriver -Clicked On :: User Account Icon
09:40:12.328 INFO  base.CustomDriver -Waiting for max:: 10 seconds for element to be available
09:40:22.612 ERROR base.CustomDriver -Element not appeared on the web page
09:40:22.624 ERROR base.CustomDriver -Cannot click on :: Logout Link
09:40:22.715 INFO  base.TestListeners -onFinish -> Test Tag Name: Application Test
09:41:07.314 INFO  utilities.Util -Current Date and Time :: 06_05_2020 09_41_07
09:41:07.318 INFO  utilities.ExtentManager -*********** Report Path ***********
09:41:07.318 INFO  utilities.ExtentManager -/Users/anupamadhir/workspace/orangehrm/reports/AutomationReport_06_05_2020 09_41_07.html
09:41:07.318 INFO  utilities.ExtentManager -*********** Report Path ***********
09:41:07.582 INFO  base.TestListeners -onStart -> Test Tag Name: Application Test
09:41:07.582 INFO  base.TestListeners -These methods will be executed in this <test> tag
09:41:07.582 INFO  base.TestListeners -testAddLeave
09:41:07.582 INFO  base.TestListeners -testLogin
09:41:07.607 INFO  base.WebDriverFactory -OS Name from system property :: mac
09:41:07.607 INFO  base.WebDriverFactory -Driver Binary :: /Users/anupamadhir/workspace/orangehrm//drivers//chromedriver
09:41:12.369 INFO  base.CheckPoint -Clearing Results Hash Map
09:41:12.494 INFO  base.CustomDriver -Send Keys on element :: Email Field with data :: Admin
09:41:12.577 INFO  base.CustomDriver -Send Keys on element :: Password Field with data :: admin123
09:41:17.718 INFO  base.CustomDriver -Clicked On :: Login Button
09:41:17.744 INFO  utilities.Util -Actual Text From Web Application UI   --> : Leave
09:41:17.744 INFO  utilities.Util -Expected Text From Web Application UI --> : Leave
09:41:17.744 INFO  utilities.Util -### Verification Contains !!!
09:41:17.744 INFO  base.CheckPoint -test-01.header verification :-> PASS
09:41:17.758 INFO  base.CustomDriver -Element List found with: xpath=>//a[contains(text(), 'Welcome')]
09:41:17.758 INFO  utilities.Util -Size of list :: 1
09:41:17.758 INFO  utilities.Util -List is not empty
09:41:17.758 INFO  base.CheckPoint -test-01.login verification :-> PASS
09:41:17.759 INFO  base.CheckPoint -Test Method Successful
09:41:17.760 INFO  base.CheckPoint -Test Method Successful
09:41:17.761 INFO  base.TestListeners -onTestSuccess -> Test Method Name: testLogin
09:41:17.777 INFO  base.CustomDriver -Element List found with: xpath=>//a[contains(text(), 'Welcome')]
09:41:17.777 INFO  utilities.Util -Size of list :: 1
09:41:17.777 INFO  utilities.Util -List is not empty
09:41:17.840 INFO  base.CustomDriver -Clicked On :: User Account Icon
09:41:17.844 INFO  base.CustomDriver -Waiting for max:: 10 seconds for element to be available
09:41:28.174 ERROR base.CustomDriver -Element not appeared on the web page
09:41:28.187 ERROR base.CustomDriver -Cannot click on :: Logout Link
09:41:28.189 INFO  base.CheckPoint -Clearing Results Hash Map
09:41:30.082 INFO  base.CustomDriver -Clicked On :: Leave Link
09:41:31.034 INFO  base.CustomDriver -Clicked On :: Add Entitlements Link
09:41:33.223 INFO  base.CustomDriver -Selected option : FMLA US
09:41:33.286 INFO  base.CustomDriver -Selected option : 2021-01-01 - 2021-12-31
09:41:33.362 INFO  base.CustomDriver -Send Keys on element :: Entitlement Field with data :: 20
09:41:33.432 INFO  base.CustomDriver -Clicked On :: Save Button
09:41:33.443 INFO  base.CustomDriver -Element List found with: id=>employeeEntitlement
09:41:33.443 INFO  base.CustomDriver -Element Add Entitlement Popup Present with locator id=>employeeEntitlement
09:41:35.199 ERROR base.CustomDriver -Cannot click on :: Popup Confirm Button
09:41:35.199 INFO  utilities.Util -Current Date and Time :: 06_05_2020 09_41_35
09:41:35.541 INFO  base.CustomDriver -Screen Shot Was Stored at: /Users/anupamadhir/workspace/orangehrm/screenshots/_Click ERROR_06_05_2020 09_41_35.png
09:41:35.542 INFO  base.TestListeners -onTestSuccess -> Test Method Name: testAddLeave
09:41:35.554 INFO  base.CustomDriver -Element List found with: xpath=>//a[contains(text(), 'Welcome')]
09:41:35.554 INFO  utilities.Util -Size of list :: 1
09:41:35.555 INFO  utilities.Util -List is not empty
09:41:35.626 INFO  base.CustomDriver -Clicked On :: User Account Icon
09:41:35.629 INFO  base.CustomDriver -Waiting for max:: 10 seconds for element to be available
09:41:45.905 ERROR base.CustomDriver -Element not appeared on the web page
09:41:45.916 ERROR base.CustomDriver -Cannot click on :: Logout Link
09:41:46.012 INFO  base.TestListeners -onFinish -> Test Tag Name: Application Test
09:43:52.592 INFO  utilities.Util -Current Date and Time :: 06_05_2020 09_43_52
09:43:52.596 INFO  utilities.ExtentManager -*********** Report Path ***********
09:43:52.596 INFO  utilities.ExtentManager -/Users/anupamadhir/workspace/orangehrm/reports/AutomationReport_06_05_2020 09_43_52.html
09:43:52.596 INFO  utilities.ExtentManager -*********** Report Path ***********
09:43:52.858 INFO  base.TestListeners -onStart -> Test Tag Name: Application Test
09:43:52.858 INFO  base.TestListeners -These methods will be executed in this <test> tag
09:43:52.858 INFO  base.TestListeners -testAddLeave
09:43:52.858 INFO  base.TestListeners -testLogin
09:43:52.884 INFO  base.WebDriverFactory -OS Name from system property :: mac
09:43:52.884 INFO  base.WebDriverFactory -Driver Binary :: /Users/anupamadhir/workspace/orangehrm//drivers//chromedriver
09:43:57.956 INFO  base.CheckPoint -Clearing Results Hash Map
09:43:58.078 INFO  base.CustomDriver -Send Keys on element :: Email Field with data :: Admin
09:43:58.162 INFO  base.CustomDriver -Send Keys on element :: Password Field with data :: admin123
09:44:01.834 INFO  base.CustomDriver -Clicked On :: Login Button
09:44:01.862 INFO  utilities.Util -Actual Text From Web Application UI   --> : Leave
09:44:01.862 INFO  utilities.Util -Expected Text From Web Application UI --> : Leave
09:44:01.862 INFO  utilities.Util -### Verification Contains !!!
09:44:01.862 INFO  base.CheckPoint -test-01.header verification :-> PASS
09:44:01.877 INFO  base.CustomDriver -Element List found with: xpath=>//a[contains(text(), 'Welcome')]
09:44:01.877 INFO  utilities.Util -Size of list :: 1
09:44:01.877 INFO  utilities.Util -List is not empty
09:44:01.877 INFO  base.CheckPoint -test-01.login verification :-> PASS
09:44:01.877 INFO  base.CheckPoint -Test Method Successful
09:44:01.878 INFO  base.CheckPoint -Test Method Successful
09:44:01.878 INFO  base.TestListeners -onTestSuccess -> Test Method Name: testLogin
09:44:01.894 INFO  base.CustomDriver -Element List found with: xpath=>//a[contains(text(), 'Welcome')]
09:44:01.894 INFO  utilities.Util -Size of list :: 1
09:44:01.894 INFO  utilities.Util -List is not empty
09:44:03.179 INFO  base.CustomDriver -Clicked On :: User Account Icon
09:44:03.183 INFO  base.CustomDriver -Waiting for max:: 10 seconds for element to be available
09:44:13.502 ERROR base.CustomDriver -Element not appeared on the web page
09:44:13.514 ERROR base.CustomDriver -Cannot click on :: Logout Link
09:44:13.516 INFO  base.CheckPoint -Clearing Results Hash Map
09:44:15.565 INFO  base.CustomDriver -Clicked On :: Leave Link
09:44:16.512 INFO  base.CustomDriver -Clicked On :: Add Entitlements Link
09:44:16.530 INFO  base.CustomDriver -Waiting for max:: 2 seconds for element to be available
09:44:16.570 INFO  base.CustomDriver -Element appeared on the web page
09:44:16.740 INFO  base.CustomDriver -Selected option : FMLA US
09:44:16.809 INFO  base.CustomDriver -Selected option : 2021-01-01 - 2021-12-31
09:44:16.890 INFO  base.CustomDriver -Send Keys on element :: Entitlement Field with data :: 20
09:44:16.947 INFO  base.CustomDriver -Clicked On :: Save Button
09:44:16.957 INFO  base.CustomDriver -Element List found with: id=>employeeEntitlement
09:44:16.957 INFO  base.CustomDriver -Element Add Entitlement Popup Present with locator id=>employeeEntitlement
09:44:19.993 ERROR base.CustomDriver -Cannot click on :: Popup Confirm Button
09:44:19.993 INFO  utilities.Util -Current Date and Time :: 06_05_2020 09_44_19
09:44:20.318 INFO  base.CustomDriver -Screen Shot Was Stored at: /Users/anupamadhir/workspace/orangehrm/screenshots/_Click ERROR_06_05_2020 09_44_19.png
09:44:20.318 INFO  base.TestListeners -onTestSuccess -> Test Method Name: testAddLeave
09:44:20.330 INFO  base.CustomDriver -Element List found with: xpath=>//a[contains(text(), 'Welcome')]
09:44:20.330 INFO  utilities.Util -Size of list :: 1
09:44:20.330 INFO  utilities.Util -List is not empty
09:44:20.386 INFO  base.CustomDriver -Clicked On :: User Account Icon
09:44:20.388 INFO  base.CustomDriver -Waiting for max:: 10 seconds for element to be available
09:44:30.689 ERROR base.CustomDriver -Element not appeared on the web page
09:44:30.699 ERROR base.CustomDriver -Cannot click on :: Logout Link
09:44:30.794 INFO  base.TestListeners -onFinish -> Test Tag Name: Application Test
09:45:59.576 INFO  utilities.Util -Current Date and Time :: 06_05_2020 09_45_59
09:45:59.582 INFO  utilities.ExtentManager -*********** Report Path ***********
09:45:59.582 INFO  utilities.ExtentManager -/Users/anupamadhir/workspace/orangehrm/reports/AutomationReport_06_05_2020 09_45_59.html
09:45:59.582 INFO  utilities.ExtentManager -*********** Report Path ***********
09:45:59.814 INFO  base.TestListeners -onStart -> Test Tag Name: Application Test
09:45:59.815 INFO  base.TestListeners -These methods will be executed in this <test> tag
09:45:59.815 INFO  base.TestListeners -testAddLeave
09:45:59.815 INFO  base.TestListeners -testLogin
09:45:59.842 INFO  base.WebDriverFactory -OS Name from system property :: mac
09:45:59.842 INFO  base.WebDriverFactory -Driver Binary :: /Users/anupamadhir/workspace/orangehrm//drivers//chromedriver
09:46:04.524 INFO  base.CheckPoint -Clearing Results Hash Map
09:46:04.648 INFO  base.CustomDriver -Send Keys on element :: Email Field with data :: Admin
09:46:04.734 INFO  base.CustomDriver -Send Keys on element :: Password Field with data :: admin123
09:46:08.819 INFO  base.CustomDriver -Clicked On :: Login Button
09:46:10.084 INFO  utilities.Util -Actual Text From Web Application UI   --> : Leave
09:46:10.084 INFO  utilities.Util -Expected Text From Web Application UI --> : Leave
09:46:10.084 INFO  utilities.Util -### Verification Contains !!!
09:46:10.084 INFO  base.CheckPoint -test-01.header verification :-> PASS
09:46:10.099 INFO  base.CustomDriver -Element List found with: xpath=>//a[contains(text(), 'Welcome')]
09:46:10.099 INFO  utilities.Util -Size of list :: 1
09:46:10.099 INFO  utilities.Util -List is not empty
09:46:10.100 INFO  base.CheckPoint -test-01.login verification :-> PASS
09:46:10.100 INFO  base.CheckPoint -Test Method Successful
09:46:10.101 INFO  base.CheckPoint -Test Method Successful
09:46:10.101 INFO  base.TestListeners -onTestSuccess -> Test Method Name: testLogin
09:46:10.116 INFO  base.CustomDriver -Element List found with: xpath=>//a[contains(text(), 'Welcome')]
09:46:10.116 INFO  utilities.Util -Size of list :: 1
09:46:10.116 INFO  utilities.Util -List is not empty
09:46:10.181 INFO  base.CustomDriver -Clicked On :: User Account Icon
09:46:10.185 INFO  base.CustomDriver -Waiting for max:: 10 seconds for element to be available
09:46:20.523 ERROR base.CustomDriver -Element not appeared on the web page
09:46:20.534 ERROR base.CustomDriver -Cannot click on :: Logout Link
09:46:20.536 INFO  base.CheckPoint -Clearing Results Hash Map
09:46:22.649 INFO  base.CustomDriver -Clicked On :: Leave Link
09:46:23.589 INFO  base.CustomDriver -Clicked On :: Add Entitlements Link
09:46:23.609 INFO  base.CustomDriver -Waiting for max:: 2 seconds for element to be clickable
09:46:23.654 INFO  base.CustomDriver -Element is clickable on the web page
09:46:23.814 INFO  base.CustomDriver -Selected option : FMLA US
09:46:23.881 INFO  base.CustomDriver -Selected option : 2021-01-01 - 2021-12-31
09:46:23.958 INFO  base.CustomDriver -Send Keys on element :: Entitlement Field with data :: 20
09:46:24.019 INFO  base.CustomDriver -Clicked On :: Save Button
09:46:24.030 INFO  base.CustomDriver -Element List found with: id=>employeeEntitlement
09:46:24.030 INFO  base.CustomDriver -Element Add Entitlement Popup Present with locator id=>employeeEntitlement
09:46:27.110 ERROR base.CustomDriver -Cannot click on :: Popup Confirm Button
09:46:27.110 INFO  utilities.Util -Current Date and Time :: 06_05_2020 09_46_27
09:46:27.440 INFO  base.CustomDriver -Screen Shot Was Stored at: /Users/anupamadhir/workspace/orangehrm/screenshots/_Click ERROR_06_05_2020 09_46_27.png
09:46:27.440 INFO  base.TestListeners -onTestSuccess -> Test Method Name: testAddLeave
09:46:27.451 INFO  base.CustomDriver -Element List found with: xpath=>//a[contains(text(), 'Welcome')]
09:46:27.452 INFO  utilities.Util -Size of list :: 1
09:46:27.452 INFO  utilities.Util -List is not empty
09:46:27.509 INFO  base.CustomDriver -Clicked On :: User Account Icon
09:46:27.512 INFO  base.CustomDriver -Waiting for max:: 10 seconds for element to be available
09:46:37.803 ERROR base.CustomDriver -Element not appeared on the web page
09:46:37.813 ERROR base.CustomDriver -Cannot click on :: Logout Link
09:46:37.910 INFO  base.TestListeners -onFinish -> Test Tag Name: Application Test
09:49:31.729 INFO  utilities.Util -Current Date and Time :: 06_05_2020 09_49_31
09:49:31.736 INFO  utilities.ExtentManager -*********** Report Path ***********
09:49:31.737 INFO  utilities.ExtentManager -/Users/anupamadhir/workspace/orangehrm/reports/AutomationReport_06_05_2020 09_49_31.html
09:49:31.737 INFO  utilities.ExtentManager -*********** Report Path ***********
09:49:31.979 INFO  base.TestListeners -onStart -> Test Tag Name: Application Test
09:49:31.980 INFO  base.TestListeners -These methods will be executed in this <test> tag
09:49:31.980 INFO  base.TestListeners -testAddLeave
09:49:31.980 INFO  base.TestListeners -testLogin
09:49:32.005 INFO  base.WebDriverFactory -OS Name from system property :: mac
09:49:32.005 INFO  base.WebDriverFactory -Driver Binary :: /Users/anupamadhir/workspace/orangehrm//drivers//chromedriver
09:49:37.212 INFO  base.CheckPoint -Clearing Results Hash Map
09:49:37.335 INFO  base.CustomDriver -Send Keys on element :: Email Field with data :: Admin
09:49:37.427 INFO  base.CustomDriver -Send Keys on element :: Password Field with data :: admin123
09:49:40.996 INFO  base.CustomDriver -Clicked On :: Login Button
09:49:42.266 INFO  utilities.Util -Actual Text From Web Application UI   --> : Leave
09:49:42.266 INFO  utilities.Util -Expected Text From Web Application UI --> : Leave
09:49:42.266 INFO  utilities.Util -### Verification Contains !!!
09:49:42.266 INFO  base.CheckPoint -test-01.header verification :-> PASS
09:49:42.280 INFO  base.CustomDriver -Element List found with: xpath=>//a[contains(text(), 'Welcome')]
09:49:42.280 INFO  utilities.Util -Size of list :: 1
09:49:42.280 INFO  utilities.Util -List is not empty
09:49:42.280 INFO  base.CheckPoint -test-01.login verification :-> PASS
09:49:42.281 INFO  base.CheckPoint -Test Method Successful
09:49:42.282 INFO  base.CheckPoint -Test Method Successful
09:49:42.282 INFO  base.TestListeners -onTestSuccess -> Test Method Name: testLogin
09:49:42.297 INFO  base.CustomDriver -Element List found with: xpath=>//a[contains(text(), 'Welcome')]
09:49:42.297 INFO  utilities.Util -Size of list :: 1
09:49:42.297 INFO  utilities.Util -List is not empty
09:49:42.358 INFO  base.CustomDriver -Clicked On :: User Account Icon
09:49:42.362 INFO  base.CustomDriver -Waiting for max:: 10 seconds for element to be available
09:49:52.697 ERROR base.CustomDriver -Element not appeared on the web page
09:49:52.709 ERROR base.CustomDriver -Cannot click on :: Logout Link
09:49:52.711 INFO  base.CheckPoint -Clearing Results Hash Map
09:49:54.821 INFO  base.CustomDriver -Clicked On :: Leave Link
09:49:55.771 INFO  base.CustomDriver -Clicked On :: Add Entitlements Link
09:49:55.789 INFO  utilities.Util -Waiting 2.0 seconds :: Sleep for 2 seconds
09:49:57.972 INFO  base.CustomDriver -Selected option : FMLA US
09:49:58.034 INFO  base.CustomDriver -Selected option : 2021-01-01 - 2021-12-31
09:49:58.111 INFO  base.CustomDriver -Send Keys on element :: Entitlement Field with data :: 20
09:49:58.172 INFO  base.CustomDriver -Clicked On :: Save Button
09:49:58.183 INFO  base.CustomDriver -Element List found with: id=>employeeEntitlement
09:49:58.184 INFO  base.CustomDriver -Element Add Entitlement Popup Present with locator id=>employeeEntitlement
09:49:58.515 INFO  base.CustomDriver -Clicked On :: Popup Confirm Button
09:49:58.515 INFO  base.TestListeners -onTestSuccess -> Test Method Name: testAddLeave
09:49:58.530 INFO  base.CustomDriver -Element List found with: xpath=>//a[contains(text(), 'Welcome')]
09:49:58.530 INFO  utilities.Util -Size of list :: 1
09:49:58.531 INFO  utilities.Util -List is not empty
09:49:59.939 ERROR base.CustomDriver -Cannot click on :: User Account Icon
09:49:59.939 INFO  utilities.Util -Current Date and Time :: 06_05_2020 09_49_59
09:50:00.285 INFO  base.CustomDriver -Screen Shot Was Stored at: /Users/anupamadhir/workspace/orangehrm/screenshots/_Click ERROR_06_05_2020 09_49_59.png
09:50:00.288 INFO  base.CustomDriver -Waiting for max:: 10 seconds for element to be available
09:50:10.570 ERROR base.CustomDriver -Element not appeared on the web page
09:50:10.582 ERROR base.CustomDriver -Cannot click on :: Logout Link
09:50:10.697 INFO  base.TestListeners -onFinish -> Test Tag Name: Application Test
09:51:19.869 INFO  utilities.Util -Current Date and Time :: 06_05_2020 09_51_19
09:51:19.874 INFO  utilities.ExtentManager -*********** Report Path ***********
09:51:19.874 INFO  utilities.ExtentManager -/Users/anupamadhir/workspace/orangehrm/reports/AutomationReport_06_05_2020 09_51_19.html
09:51:19.875 INFO  utilities.ExtentManager -*********** Report Path ***********
09:51:20.095 INFO  base.TestListeners -onStart -> Test Tag Name: Application Test
09:51:20.096 INFO  base.TestListeners -These methods will be executed in this <test> tag
09:51:20.096 INFO  base.TestListeners -testAddLeave
09:51:20.096 INFO  base.TestListeners -testLogin
09:51:20.127 INFO  base.WebDriverFactory -OS Name from system property :: mac
09:51:20.127 INFO  base.WebDriverFactory -Driver Binary :: /Users/anupamadhir/workspace/orangehrm//drivers//chromedriver
09:51:24.686 INFO  base.CheckPoint -Clearing Results Hash Map
09:51:24.809 INFO  base.CustomDriver -Send Keys on element :: Email Field with data :: Admin
09:51:24.892 INFO  base.CustomDriver -Send Keys on element :: Password Field with data :: admin123
09:51:29.979 INFO  base.CustomDriver -Clicked On :: Login Button
09:51:30.001 INFO  utilities.Util -Actual Text From Web Application UI   --> : Leave
09:51:30.001 INFO  utilities.Util -Expected Text From Web Application UI --> : Leave
09:51:30.001 INFO  utilities.Util -### Verification Contains !!!
09:51:30.001 INFO  base.CheckPoint -test-01.header verification :-> PASS
09:51:30.015 INFO  base.CustomDriver -Element List found with: xpath=>//a[contains(text(), 'Welcome')]
09:51:30.015 INFO  utilities.Util -Size of list :: 1
09:51:30.015 INFO  utilities.Util -List is not empty
09:51:30.015 INFO  base.CheckPoint -test-01.login verification :-> PASS
09:51:30.015 INFO  base.CheckPoint -Test Method Successful
09:51:30.016 INFO  base.CheckPoint -Test Method Successful
09:51:30.017 INFO  base.TestListeners -onTestSuccess -> Test Method Name: testLogin
09:51:30.031 INFO  base.CustomDriver -Element List found with: xpath=>//a[contains(text(), 'Welcome')]
09:51:30.031 INFO  utilities.Util -Size of list :: 1
09:51:30.031 INFO  utilities.Util -List is not empty
09:51:30.099 INFO  base.CustomDriver -Clicked On :: User Account Icon
09:51:30.103 INFO  base.CustomDriver -Waiting for max:: 10 seconds for element to be available
09:51:40.428 ERROR base.CustomDriver -Element not appeared on the web page
09:51:40.440 ERROR base.CustomDriver -Cannot click on :: Logout Link
09:51:40.441 INFO  base.CheckPoint -Clearing Results Hash Map
09:51:42.747 INFO  base.CustomDriver -Clicked On :: Leave Link
09:51:43.704 INFO  base.CustomDriver -Clicked On :: Add Entitlements Link
09:51:43.804 INFO  base.CustomDriver -Send Keys on element :: Employee Field with data :: Russel
09:51:43.804 INFO  utilities.Util -Waiting 2.0 seconds :: Sleep for 2 seconds
09:51:45.881 INFO  base.CustomDriver -Send Keys on element :: Employee Field with data :: Russel
09:51:45.926 INFO  base.CustomDriver -Selected option : FMLA US
09:51:45.992 INFO  base.CustomDriver -Selected option : 2021-01-01 - 2021-12-31
09:51:46.067 INFO  base.CustomDriver -Send Keys on element :: Entitlement Field with data :: 20
09:51:46.128 INFO  base.CustomDriver -Clicked On :: Save Button
09:51:46.138 INFO  base.CustomDriver -Element List found with: id=>employeeEntitlement
09:51:46.138 INFO  base.CustomDriver -Element Add Entitlement Popup Present with locator id=>employeeEntitlement
09:51:46.475 INFO  base.CustomDriver -Clicked On :: Popup Confirm Button
09:51:46.475 INFO  base.TestListeners -onTestSuccess -> Test Method Name: testAddLeave
09:51:46.488 INFO  base.CustomDriver -Element List found with: xpath=>//a[contains(text(), 'Welcome')]
09:51:46.488 INFO  utilities.Util -Size of list :: 1
09:51:46.488 INFO  utilities.Util -List is not empty
09:51:47.872 ERROR base.CustomDriver -Cannot click on :: User Account Icon
09:51:47.872 INFO  utilities.Util -Current Date and Time :: 06_05_2020 09_51_47
09:51:48.202 INFO  base.CustomDriver -Screen Shot Was Stored at: /Users/anupamadhir/workspace/orangehrm/screenshots/_Click ERROR_06_05_2020 09_51_47.png
09:51:48.205 INFO  base.CustomDriver -Waiting for max:: 10 seconds for element to be available
09:51:58.503 ERROR base.CustomDriver -Element not appeared on the web page
09:51:58.514 ERROR base.CustomDriver -Cannot click on :: Logout Link
09:51:58.608 INFO  base.TestListeners -onFinish -> Test Tag Name: Application Test
